{"meta": {"format": 3, "version": "7.15.2", "timestamp": "2026-09-22T18:25:08.179694", "branch_coverage": false, "show_contexts": false}, "files": {"src/pageindex_mcp/__init__.py": {"executed_lines": [3], "summary": {"covered_lines": 1, "num_statements": 1, "percent_covered": 100.0, "percent_covered_display": "100", "missing_lines": 0, "excluded_lines": 0, "percent_statements_covered": 100.0, "percent_statements_covered_display": "100"}, "missing_lines": [], "excluded_lines": [], "functions": {"": {"executed_lines": [3], "summary": {"covered_lines": 1, "num_statements": 1, "percent_covered": 100.0, "percent_covered_display": "100", "missing_lines": 0, "excluded_lines": 0, "percent_statements_covered": 100.0, "percent_statements_covered_display": "100"}, "missing_lines": [], "excluded_lines": [], "start_line": 1}}, "classes": {"": {"executed_lines": [3], "summary": {"covered_lines": 1, "num_statements": 1, "percent_covered": 100.0, "percent_covered_display": "100", "missing_lines": 0, "excluded_lines": 0, "percent_statements_covered": 100.0, "percent_statements_covered_display": "100"}, "missing_lines": [], "excluded_lines": [], "start_line": 1}}}, "src/pageindex_mcp/auth.py": {"executed_lines": [3, 4, 6, 7, 8, 10, 11, 13, 16, 20, 23, 26, 27, 30, 32, 34, 36, 39, 40, 41, 42, 44, 45, 46, 47, 49, 50, 51, 53, 54, 57], "summary": {"covered_lines": 31, "num_statements": 33, "percent_covered": 93.93939393939394, "percent_covered_display": "94", "missing_lines": 2, "excluded_lines": 0, "percent_statements_covered": 93.93939393939394, "percent_statements_covered_display": "94"}, "missing_lines": [37, 55], "excluded_lines": [], "functions": {"BearerAuthMiddleware.__init__": {"executed_lines": [27, 30], "summary": {"covered_lines": 2, "num_statements": 2, "percent_covered": 100.0, "percent_covered_display": "100", "missing_lines": 0, "excluded_lines": 0, "percent_statements_covered": 100.0, "percent_statements_covered_display": "100"}, "missing_lines": [], "excluded_lines": [], "start_line": 26}, "BearerAuthMiddleware.dispatch": {"executed_lines": [34, 36, 39, 40, 41, 42, 44, 45, 46, 47, 49, 50, 51, 53, 54, 57], "summary": {"covered_lines": 16, "num_statements": 18, "percent_covered": 88.88888888888889, "percent_covered_display": "89", "missing_lines": 2, "excluded_lines": 0, "percent_statements_covered": 88.88888888888889, "percent_statements_covered_display": "89"}, "missing_lines": [37, 55], "excluded_lines": [], "start_line": 32}, "": {"executed_lines": [3, 4, 6, 7, 8, 10, 11, 13, 16, 20, 23, 26, 32], "summary": {"covered_lines": 13, "num_statements": 13, "percent_covered": 100.0, "percent_covered_display": "100", "missing_lines": 0, "excluded_lines": 0, "percent_statements_covered": 100.0, "percent_statements_covered_display": "100"}, "missing_lines": [], "excluded_lines": [], "start_line": 1}}, "classes": {"BearerAuthMiddleware": {"executed_lines": [27, 30, 34, 36, 39, 40, 41, 42, 44, 45, 46, 47, 49, 50, 51, 53, 54, 57], "summary": {"covered_lines": 18, "num_statements": 20, "percent_covered": 90.0, "percent_covered_display": "90", "missing_lines": 2, "excluded_lines": 0, "percent_statements_covered": 90.0, "percent_statements_covered_display": "90"}, "missing_lines": [37, 55], "excluded_lines": [], "start_line": 23}, "": {"executed_lines": [3, 4, 6, 7, 8, 10, 11, 13, 16, 20, 23, 26, 32], "summary": {"covered_lines": 13, "num_statements": 13, "percent_covered": 100.0, "percent_covered_display": "100", "missing_lines": 0, "excluded_lines": 0, "percent_statements_covered": 100.0, "percent_statements_covered_display": "100"}, "missing_lines": [], "excluded_lines": [], "start_line": 1}}}, "src/pageindex_mcp/cache.py": {"executed_lines": [9, 10, 11, 12, 14, 15, 17, 18, 20, 22, 24, 25, 28, 29, 31, 32, 35, 36, 39, 43, 44, 45, 46, 47, 50, 52, 53, 54, 57, 59, 60, 63, 66, 67, 68, 69, 70, 73, 75, 76, 77, 78, 79, 80, 81, 82, 83, 86, 88, 89, 90, 95, 96, 97, 100, 102, 103, 104, 105, 106, 107, 110], "summary": {"covered_lines": 62, "num_statements": 76, "percent_covered": 81.57894736842105, "percent_covered_display": "82", "missing_lines": 14, "excluded_lines": 0, "percent_statements_covered": 81.57894736842105, "percent_statements_covered_display": "82"}, "missing_lines": [115, 116, 117, 118, 119, 121, 122, 123, 128, 129, 138, 140, 141, 142], "excluded_lines": [], "functions": {"_job_key": {"executed_lines": [36], "summary": {"covered_lines": 1, "num_statements": 1, "percent_covered": 100.0, "percent_covered_display": "100", "missing_lines": 0, "excluded_lines": 0, "percent_statements_covered": 100.0, "percent_statements_covered_display": "100"}, "missing_lines": [], "excluded_lines": [], "start_line": 35}, "get_async_redis": {"executed_lines": [43, 44, 45, 46, 47], "summary": {"covered_lines": 5, "num_statements": 5, "percent_covered": 100.0, "percent_covered_display": "100", "missing_lines": 0, "excluded_lines": 0, "percent_statements_covered": 100.0, "percent_statements_covered_display": "100"}, "missing_lines": [], "excluded_lines": [], "start_line": 39}, "job_status_set": {"executed_lines": [52, 53, 54], "summary": {"covered_lines": 3, "num_statements": 3, "percent_covered": 100.0, "percent_covered_display": "100", "missing_lines": 0, "excluded_lines": 0, "percent_statements_covered": 100.0, "percent_statements_covered_display": "100"}, "missing_lines": [], "excluded_lines": [], "start_line": 50}, "job_status_get": {"executed_lines": [59, 60], "summary": {"covered_lines": 2, "num_statements": 2, "percent_covered": 100.0, "percent_covered_display": "100", "missing_lines": 0, "excluded_lines": 0, "percent_statements_covered": 100.0, "percent_statements_covered_display": "100"}, "missing_lines": [], "excluded_lines": [], "start_line": 57}, "get_cache_redis": {"executed_lines": [66, 67, 68, 69, 70], "summary": {"covered_lines": 5, "num_statements": 5, "percent_covered": 100.0, "percent_covered_display": "100", "missing_lines": 0, "excluded_lines": 0, "percent_statements_covered": 100.0, "percent_statements_covered_display": "100"}, "missing_lines": [], "excluded_lines": [], "start_line": 63}, "doc_cache_get": {"executed_lines": [75, 76, 77, 78, 79, 80, 81, 82, 83], "summary": {"covered_lines": 9, "num_statements": 9, "percent_covered": 100.0, "percent_covered_display": "100", "missing_lines": 0, "excluded_lines": 0, "percent_statements_covered": 100.0, "percent_statements_covered_display": "100"}, "missing_lines": [], "excluded_lines": [], "start_line": 73}, "doc_cache_set": {"executed_lines": [88, 89, 90, 95, 96, 97], "summary": {"covered_lines": 6, "num_statements": 6, "percent_covered": 100.0, "percent_covered_display": "100", "missing_lines": 0, "excluded_lines": 0, "percent_statements_covered": 100.0, "percent_statements_covered_display": "100"}, "missing_lines": [], "excluded_lines": [], "start_line": 86}, "doc_cache_delete": {"executed_lines": [102, 103, 104, 105, 106, 107], "summary": {"covered_lines": 6, "num_statements": 6, "percent_covered": 100.0, "percent_covered_display": "100", "missing_lines": 0, "excluded_lines": 0, "percent_statements_covered": 100.0, "percent_statements_covered_display": "100"}, "missing_lines": [], "excluded_lines": [], "start_line": 100}, "get_doc": {"executed_lines": [], "summary": {"covered_lines": 0, "num_statements": 14, "percent_covered": 0.0, "percent_covered_display": "0", "missing_lines": 14, "excluded_lines": 0, "percent_statements_covered": 0.0, "percent_statements_covered_display": "0"}, "missing_lines": [115, 116, 117, 118, 119, 121, 122, 123, 128, 129, 138, 140, 141, 142], "excluded_lines": [], "start_line": 110}, "": {"executed_lines": [9, 10, 11, 12, 14, 15, 17, 18, 20, 22, 24, 25, 28, 29, 31, 32, 35, 39, 50, 57, 63, 73, 86, 100, 110], "summary": {"covered_lines": 25, "num_statements": 25, "percent_covered": 100.0, "percent_covered_display": "100", "missing_lines": 0, "excluded_lines": 0, "percent_statements_covered": 100.0, "percent_statements_covered_display": "100"}, "missing_lines": [], "excluded_lines": [], "start_line": 1}}, "classes": {"": {"executed_lines": [9, 10, 11, 12, 14, 15, 17, 18, 20, 22, 24, 25, 28, 29, 31, 32, 35, 36, 39, 43, 44, 45, 46, 47, 50, 52, 53, 54, 57, 59, 60, 63, 66, 67, 68, 69, 70, 73, 75, 76, 77, 78, 79, 80, 81, 82, 83, 86, 88, 89, 90, 95, 96, 97, 100, 102, 103, 104, 105, 106, 107, 110], "summary": {"covered_lines": 62, "num_statements": 76, "percent_covered": 81.57894736842105, "percent_covered_display": "82", "missing_lines": 14, "excluded_lines": 0, "percent_statements_covered": 81.57894736842105, "percent_statements_covered_display": "82"}, "missing_lines": [115, 116, 117, 118, 119, 121, 122, 123, 128, 129, 138, 140, 141, 142], "excluded_lines": [], "start_line": 1}}}, "src/pageindex_mcp/client/__init__.py": {"executed_lines": [4, 12, 21, 35, 40, 49], "summary": {"covered_lines": 6, "num_statements": 6, "percent_covered": 100.0, "percent_covered_display": "100", "missing_lines": 0, "excluded_lines": 0, "percent_statements_covered": 100.0, "percent_statements_covered_display": "100"}, "missing_lines": [], "excluded_lines": [], "functions": {"": {"executed_lines": [4, 12, 21, 35, 40, 49], "summary": {"covered_lines": 6, "num_statements": 6, "percent_covered": 100.0, "percent_covered_display": "100", "missing_lines": 0, "excluded_lines": 0, "percent_statements_covered": 100.0, "percent_statements_covered_display": "100"}, "missing_lines": [], "excluded_lines": [], "start_line": 1}}, "classes": {"": {"executed_lines": [4, 12, 21, 35, 40, 49], "summary": {"covered_lines": 6, "num_statements": 6, "percent_covered": 100.0, "percent_covered_display": "100", "missing_lines": 0, "excluded_lines": 0, "percent_statements_covered": 100.0, "percent_statements_covered_display": "100"}, "missing_lines": [], "excluded_lines": [], "start_line": 1}}}, "src/pageindex_mcp/client/images.py": {"executed_lines": [3, 5, 6, 7, 8, 10, 13, 20, 30, 31, 34, 36, 39, 44, 52, 53, 54, 55, 56, 57, 58, 59, 60, 61, 62, 63, 75, 79, 83, 88, 103, 104, 105, 108, 131, 133, 134, 135, 136, 146, 166, 167, 173, 176, 201, 205, 210, 213, 218, 229, 235, 238, 240, 242, 246, 248, 251, 258, 259, 264, 273, 289, 290, 291, 292, 293, 294, 295, 297, 298, 299, 300, 301, 302, 303, 304, 305, 306, 307, 321, 322, 323, 324, 325, 326, 327], "summary": {"covered_lines": 86, "num_statements": 114, "percent_covered": 75.43859649122807, "percent_covered_display": "75", "missing_lines": 28, "excluded_lines": 0, "percent_statements_covered": 75.43859649122807, "percent_statements_covered_display": "75"}, "missing_lines": [137, 138, 139, 147, 156, 157, 160, 161, 165, 202, 203, 211, 219, 220, 226, 260, 261, 266, 267, 268, 269, 270, 296, 308, 309, 310, 311, 320], "excluded_lines": [], "functions": {"_log_pic_splice_trace": {"executed_lines": [52, 53, 54, 55, 56, 57, 58, 59, 60, 61, 62, 63], "summary": {"covered_lines": 12, "num_statements": 12, "percent_covered": 100.0, "percent_covered_display": "100", "missing_lines": 0, "excluded_lines": 0, "percent_statements_covered": 100.0, "percent_statements_covered_display": "100"}, "missing_lines": [], "excluded_lines": [], "start_line": 44}, "apply_image_ext_content_class_override": {"executed_lines": [103, 104, 105], "summary": {"covered_lines": 3, "num_statements": 3, "percent_covered": 100.0, "percent_covered_display": "100", "missing_lines": 0, "excluded_lines": 0, "percent_statements_covered": 100.0, "percent_statements_covered_display": "100"}, "missing_lines": [], "excluded_lines": [], "start_line": 88}, "_attempt_tesseract_raster_recovery": {"executed_lines": [131, 133, 134, 135, 136, 146, 166, 167, 173], "summary": {"covered_lines": 9, "num_statements": 18, "percent_covered": 50.0, "percent_covered_display": "50", "missing_lines": 9, "excluded_lines": 0, "percent_statements_covered": 50.0, "percent_statements_covered_display": "50"}, "missing_lines": [137, 138, 139, 147, 156, 157, 160, 161, 165], "excluded_lines": [], "start_line": 108}, "_apply_picture_enrichment": {"executed_lines": [201, 205, 210, 213, 218, 229, 235, 238, 240, 242, 246, 248], "summary": {"covered_lines": 12, "num_statements": 18, "percent_covered": 66.66666666666667, "percent_covered_display": "67", "missing_lines": 6, "excluded_lines": 0, "percent_statements_covered": 66.66666666666667, "percent_statements_covered_display": "67"}, "missing_lines": [202, 203, 211, 219, 220, 226], "excluded_lines": [], "start_line": 176}, "_dominant_orientation": {"executed_lines": [258, 259], "summary": {"covered_lines": 2, "num_statements": 4, "percent_covered": 50.0, "percent_covered_display": "50", "missing_lines": 2, "excluded_lines": 0, "percent_statements_covered": 50.0, "percent_statements_covered_display": "50"}, "missing_lines": [260, 261], "excluded_lines": [], "start_line": 251}, "_ocr_information_density": {"executed_lines": [], "summary": {"covered_lines": 0, "num_statements": 5, "percent_covered": 0.0, "percent_covered_display": "0", "missing_lines": 5, "excluded_lines": 0, "percent_statements_covered": 0.0, "percent_statements_covered_display": "0"}, "missing_lines": [266, 267, 268, 269, 270], "excluded_lines": [], "start_line": 264}, "_enrich_image_blocks": {"executed_lines": [289, 290, 291, 292, 293, 294, 295, 297, 298, 299, 300, 301, 302, 303, 304, 305, 306, 307, 321, 322, 323, 324, 325, 326, 327], "summary": {"covered_lines": 25, "num_statements": 31, "percent_covered": 80.64516129032258, "percent_covered_display": "81", "missing_lines": 6, "excluded_lines": 0, "percent_statements_covered": 80.64516129032258, "percent_statements_covered_display": "81"}, "missing_lines": [296, 308, 309, 310, 311, 320], "excluded_lines": [], "start_line": 273}, "": {"executed_lines": [3, 5, 6, 7, 8, 10, 13, 20, 30, 31, 34, 36, 39, 44, 75, 79, 83, 88, 108, 176, 251, 264, 273], "summary": {"covered_lines": 23, "num_statements": 23, "percent_covered": 100.0, "percent_covered_display": "100", "missing_lines": 0, "excluded_lines": 0, "percent_statements_covered": 100.0, "percent_statements_covered_display": "100"}, "missing_lines": [], "excluded_lines": [], "start_line": 1}}, "classes": {"": {"executed_lines": [3, 5, 6, 7, 8, 10, 13, 20, 30, 31, 34, 36, 39, 44, 52, 53, 54, 55, 56, 57, 58, 59, 60, 61, 62, 63, 75, 79, 83, 88, 103, 104, 105, 108, 131, 133, 134, 135, 136, 146, 166, 167, 173, 176, 201, 205, 210, 213, 218, 229, 235, 238, 240, 242, 246, 248, 251, 258, 259, 264, 273, 289, 290, 291, 292, 293, 294, 295, 297, 298, 299, 300, 301, 302, 303, 304, 305, 306, 307, 321, 322, 323, 324, 325, 326, 327], "summary": {"covered_lines": 86, "num_statements": 114, "percent_covered": 75.43859649122807, "percent_covered_display": "75", "missing_lines": 28, "excluded_lines": 0, "percent_statements_covered": 75.43859649122807, "percent_statements_covered_display": "75"}, "missing_lines": [137, 138, 139, 147, 156, 157, 160, 161, 165, 202, 203, 211, 219, 220, 226, 260, 261, 266, 267, 268, 269, 270, 296, 308, 309, 310, 311, 320], "excluded_lines": [], "start_line": 1}}}, "src/pageindex_mcp/client/indexer.py": {"executed_lines": [3, 5, 6, 7, 8, 9, 10, 11, 12, 13, 14, 15, 16, 18, 20, 21, 30, 50, 81, 94, 95, 96, 97, 98, 107, 109, 111, 120, 126, 131, 134, 136, 139, 164, 165, 167, 169, 170, 171, 172, 182, 229, 235, 236, 244, 245, 246, 249, 256, 257, 258, 260, 262, 263, 264, 265, 266, 285, 286, 287, 293, 295, 306, 318, 324, 325, 326, 327, 328, 329, 330, 342, 350, 365, 366, 371, 372, 385, 386, 387, 388, 389, 395, 396, 405, 409, 410, 416, 419, 420, 426, 427, 430, 431, 432, 433, 434, 435, 438, 445, 446, 448, 449, 450, 451, 456, 457, 458, 461, 463, 464, 465, 466, 467, 468, 469, 470, 471, 473, 483, 489, 492, 503, 508, 514, 515, 517, 518, 519, 520, 524, 525, 526, 529, 531, 532, 533, 534, 535, 537, 547, 558, 564, 565, 566, 571, 577, 578, 584, 593, 594, 595, 598, 599, 600, 601, 605, 611, 613, 626, 627, 629, 630, 636, 637, 638, 655, 656, 659, 661, 662, 667, 683, 691, 692, 694, 695, 704, 705, 714, 716, 717, 718, 727, 728, 734, 735, 773, 774, 786, 793, 808, 811, 812, 816, 817, 830, 831, 832, 833, 834, 837, 848, 849, 850, 851, 852, 853, 854, 855, 856, 859, 869, 870, 887, 888, 898, 907, 910, 920, 921, 926, 933, 935, 936, 937, 938, 939, 940, 952, 954, 955, 958, 980, 981, 987, 988, 989, 990, 991, 992, 998, 999, 1010, 1025, 1028, 1029, 1036, 1038, 1039, 1040, 1049, 1051, 1060, 1065, 1066, 1067, 1077, 1078, 1079, 1091, 1092, 1104, 1105, 1108, 1125, 1126, 1127, 1128, 1136, 1137, 1138, 1139, 1140, 1141, 1147, 1148, 1149, 1159, 1168, 1169, 1180, 1181, 1185, 1186, 1189, 1190, 1191, 1193, 1194, 1205, 1206, 1208, 1209, 1210, 1212, 1245, 1256, 1257, 1258, 1259, 1260, 1261, 1265, 1280, 1281, 1282, 1283, 1284, 1285, 1286, 1289, 1299, 1300, 1312, 1313, 1387, 1394, 1395, 1396, 1405, 1408, 1414, 1415, 1417, 1418, 1424, 1425, 1431, 1434, 1435, 1436, 1437, 1438, 1453, 1468, 1482, 1483, 1498, 1515, 1516, 1517, 1518, 1519, 1522, 1523, 1524, 1538, 1542, 1543, 1544, 1546, 1549, 1556, 1557, 1558, 1564, 1566, 1585, 1587, 1592, 1593, 1599, 1605, 1606, 1610, 1611, 1617, 1620, 1621, 1623, 1628, 1629, 1638, 1643, 1644, 1645, 1647, 1648, 1649, 1651, 1652, 1665, 1666, 1667, 1669, 1670, 1679, 1680, 1685, 1686, 1687, 1688, 1689, 1696, 1697, 1703, 1704, 1705, 1706, 1711, 1717, 1718, 1719, 1725, 1739, 1745, 1746, 1748, 1756, 1760, 1761, 1770, 1771, 1772, 1773, 1774, 1780, 1784, 1785, 1798, 1809, 1810, 1817, 1818, 1822, 1824, 1825, 1826, 1832, 1833, 1834, 1839, 1847, 1850, 1853, 1854, 1938, 1955, 1957, 1959, 1965, 1970, 1971, 1972, 1975, 1982, 1996, 2001, 2002, 2003, 2009, 2010, 2011, 2012, 2014, 2015, 2018, 2031, 2032, 2040, 2042, 2049, 2052, 2064, 2077, 2090, 2092, 2094, 2109, 2111, 2112, 2113, 2118, 2119, 2121, 2130, 2131, 2133, 2134, 2140, 2156, 2174, 2175, 2176, 2181, 2182, 2183, 2187, 2189, 2190, 2193, 2194, 2195, 2196, 2197, 2199, 2200, 2201, 2202, 2203, 2205, 2209, 2211, 2212, 2217, 2219, 2227, 2239, 2251, 2264, 2266, 2272, 2285, 2286, 2288, 2290, 2291, 2292, 2298, 2299, 2302, 2303, 2304, 2312, 2315, 2316, 2318, 2323, 2324, 2325, 2327, 2328, 2347, 2354, 2369, 2370, 2371, 2389, 2390, 2393, 2398, 2399, 2400, 2404, 2417, 2426, 2427, 2428, 2429, 2430, 2431, 2432, 2433, 2434, 2435, 2436, 2437, 2443, 2458, 2460, 2461, 2470, 2471, 2478, 2488, 2496, 2503, 2515, 2516, 2517, 2519, 2520, 2533, 2534, 2536, 2541, 2542, 2547, 2549, 2559, 2560, 2579, 2593, 2595, 2596, 2602, 2621, 2634, 2652, 2664, 2682], "summary": {"covered_lines": 592, "num_statements": 823, "percent_covered": 71.93195625759417, "percent_covered_display": "72", "missing_lines": 231, "excluded_lines": 0, "percent_statements_covered": 71.93195625759417, "percent_statements_covered_display": "72"}, "missing_lines": [188, 189, 199, 200, 201, 211, 212, 213, 214, 215, 216, 217, 226, 284, 373, 374, 382, 390, 391, 397, 398, 399, 400, 401, 402, 403, 657, 671, 672, 684, 706, 707, 708, 709, 710, 711, 712, 713, 746, 749, 750, 762, 877, 878, 883, 908, 934, 969, 993, 994, 996, 1052, 1058, 1096, 1097, 1098, 1213, 1214, 1215, 1216, 1217, 1218, 1219, 1225, 1226, 1232, 1233, 1234, 1235, 1236, 1237, 1238, 1241, 1242, 1243, 1246, 1247, 1248, 1249, 1252, 1253, 1254, 1262, 1263, 1264, 1314, 1315, 1316, 1317, 1318, 1319, 1320, 1321, 1324, 1325, 1326, 1327, 1330, 1336, 1342, 1358, 1359, 1360, 1361, 1362, 1363, 1377, 1527, 1528, 1529, 1530, 1533, 1534, 1535, 1594, 1598, 1600, 1604, 1608, 1618, 1732, 1781, 1782, 1783, 1786, 1861, 1862, 1863, 1870, 1871, 1885, 1890, 1891, 1892, 1897, 1905, 1906, 1907, 1908, 1923, 1939, 1973, 1997, 2004, 2013, 2033, 2034, 2035, 2091, 2177, 2184, 2185, 2186, 2188, 2198, 2204, 2206, 2213, 2214, 2215, 2265, 2293, 2300, 2319, 2329, 2330, 2331, 2332, 2338, 2339, 2340, 2401, 2489, 2490, 2550, 2551, 2552, 2557, 2567, 2571, 2594, 2604, 2606, 2607, 2608, 2623, 2625, 2626, 2639, 2641, 2642, 2644, 2645, 2646, 2653, 2655, 2667, 2668, 2669, 2670, 2672, 2673, 2674, 2675, 2677, 2678, 2680, 2683, 2686, 2687, 2688, 2689, 2691, 2692, 2693, 2694, 2706, 2707, 2708, 2709, 2710, 2712, 2713, 2715, 2719, 2720, 2724, 2725, 2726, 2734, 2738], "excluded_lines": [], "functions": {"_latin_fraction": {"executed_lines": [136], "summary": {"covered_lines": 1, "num_statements": 1, "percent_covered": 100.0, "percent_covered_display": "100", "missing_lines": 0, "excluded_lines": 0, "percent_statements_covered": 100.0, "percent_statements_covered_display": "100"}, "missing_lines": [], "excluded_lines": [], "start_line": 134}, "_renormalize_bidi_guarded": {"executed_lines": [164, 165, 167, 169, 170, 171, 172, 182], "summary": {"covered_lines": 8, "num_statements": 21, "percent_covered": 38.095238095238095, "percent_covered_display": "38", "missing_lines": 13, "excluded_lines": 0, "percent_statements_covered": 38.095238095238095, "percent_statements_covered_display": "38"}, "missing_lines": [188, 189, 199, 200, 201, 211, 212, 213, 214, 215, 216, 217, 226], "excluded_lines": [], "start_line": 139}, "_detect_config_drift": {"executed_lines": [235, 236, 244, 245, 246], "summary": {"covered_lines": 5, "num_statements": 5, "percent_covered": 100.0, "percent_covered_display": "100", "missing_lines": 0, "excluded_lines": 0, "percent_statements_covered": 100.0, "percent_statements_covered_display": "100"}, "missing_lines": [], "excluded_lines": [], "start_line": 229}, "_generate_flat_doc_description": {"executed_lines": [256, 257, 258, 260, 262, 263, 264, 265, 266, 285, 286, 287], "summary": {"covered_lines": 12, "num_statements": 13, "percent_covered": 92.3076923076923, "percent_covered_display": "92", "missing_lines": 1, "excluded_lines": 0, "percent_statements_covered": 92.3076923076923, "percent_statements_covered_display": "92"}, "missing_lines": [284], "excluded_lines": [], "start_line": 249}, "_split_converter_output": {"executed_lines": [324, 325, 326, 327, 328, 329, 330], "summary": {"covered_lines": 7, "num_statements": 7, "percent_covered": 100.0, "percent_covered_display": "100", "missing_lines": 0, "excluded_lines": 0, "percent_statements_covered": 100.0, "percent_statements_covered_display": "100"}, "missing_lines": [], "excluded_lines": [], "start_line": 318}, "_classify_transient_failure": {"executed_lines": [365, 366, 371, 372, 385, 386, 387, 388, 389, 395, 396, 405], "summary": {"covered_lines": 12, "num_statements": 24, "percent_covered": 50.0, "percent_covered_display": "50", "missing_lines": 12, "excluded_lines": 0, "percent_statements_covered": 50.0, "percent_statements_covered_display": "50"}, "missing_lines": [373, 374, 382, 390, 391, 397, 398, 399, 400, 401, 402, 403], "excluded_lines": [], "start_line": 350}, "_surya_density_recovery": {"executed_lines": [445, 446, 448, 449, 450, 451, 456, 457, 458, 461, 463, 464, 465, 466, 467, 468, 469, 470, 471, 473], "summary": {"covered_lines": 20, "num_statements": 20, "percent_covered": 100.0, "percent_covered_display": "100", "missing_lines": 0, "excluded_lines": 0, "percent_statements_covered": 100.0, "percent_statements_covered_display": "100"}, "missing_lines": [], "excluded_lines": [], "start_line": 438}, "_image_ocr_quality_gate_fails": {"executed_lines": [489], "summary": {"covered_lines": 1, "num_statements": 1, "percent_covered": 100.0, "percent_covered_display": "100", "missing_lines": 0, "excluded_lines": 0, "percent_statements_covered": 100.0, "percent_statements_covered_display": "100"}, "missing_lines": [], "excluded_lines": [], "start_line": 483}, "_surya_beats_tesseract": {"executed_lines": [503], "summary": {"covered_lines": 1, "num_statements": 1, "percent_covered": 100.0, "percent_covered_display": "100", "missing_lines": 0, "excluded_lines": 0, "percent_statements_covered": 100.0, "percent_statements_covered_display": "100"}, "missing_lines": [], "excluded_lines": [], "start_line": 492}, "_surya_image_ocr": {"executed_lines": [514, 515, 517, 518, 519, 520, 524, 525, 526, 529, 531, 532, 533, 534, 535, 537], "summary": {"covered_lines": 16, "num_statements": 16, "percent_covered": 100.0, "percent_covered_display": "100", "missing_lines": 0, "excluded_lines": 0, "percent_statements_covered": 100.0, "percent_statements_covered_display": "100"}, "missing_lines": [], "excluded_lines": [], "start_line": 508}, "CustomPageIndexClient.__init__": {"executed_lines": [564, 565, 566, 571, 577, 578], "summary": {"covered_lines": 6, "num_statements": 6, "percent_covered": 100.0, "percent_covered_display": "100", "missing_lines": 0, "excluded_lines": 0, "percent_statements_covered": 100.0, "percent_statements_covered_display": "100"}, "missing_lines": [], "excluded_lines": [], "start_line": 558}, "CustomPageIndexClient._reconvert_and_revalidate": {"executed_lines": [593, 594, 595, 598, 599, 600, 601, 605, 611], "summary": {"covered_lines": 9, "num_statements": 9, "percent_covered": 100.0, "percent_covered_display": "100", "missing_lines": 0, "excluded_lines": 0, "percent_statements_covered": 100.0, "percent_statements_covered_display": "100"}, "missing_lines": [], "excluded_lines": [], "start_line": 584}, "CustomPageIndexClient._convert_to_tree": {"executed_lines": [626, 627, 629, 630, 636, 637, 638, 655, 656, 659, 661, 662, 667, 683, 691, 692, 694, 695, 704, 705, 714, 716, 717, 718, 727, 728, 734, 735, 773, 774, 786, 793, 808, 811, 812, 816, 817, 830, 831, 832, 833, 834, 837, 848, 849, 850, 851, 852, 853, 854, 855, 856, 859, 869, 870, 887, 888, 898, 907, 910, 920, 921, 926, 933, 935, 936, 937, 938, 939, 940, 952, 954, 955, 958, 980, 981, 987, 988, 989, 990, 991, 992, 998, 999, 1010, 1025, 1028, 1029, 1036, 1038, 1039, 1040, 1049, 1051, 1060, 1065, 1066, 1067, 1077, 1078, 1079, 1091, 1092, 1104, 1105, 1108, 1125, 1126, 1127, 1128, 1136, 1137, 1138, 1139, 1140, 1141, 1147, 1148, 1149, 1159, 1168, 1169, 1180, 1181, 1185, 1186, 1189, 1190, 1191, 1193, 1194, 1205, 1206, 1208, 1209, 1210, 1212, 1245, 1256, 1257, 1258, 1259, 1260, 1261, 1265, 1280, 1281, 1282, 1283, 1284, 1285, 1286, 1289, 1299, 1300, 1312, 1313, 1387, 1394, 1395, 1396, 1405, 1408, 1414, 1415, 1417, 1418, 1424, 1425, 1431, 1434, 1435, 1436, 1437, 1438, 1453, 1468, 1482, 1483, 1498, 1515, 1516, 1517, 1518, 1519, 1522, 1523, 1524, 1538, 1542, 1543, 1544, 1546, 1549, 1556, 1557, 1558, 1564], "summary": {"covered_lines": 198, "num_statements": 286, "percent_covered": 69.23076923076923, "percent_covered_display": "69", "missing_lines": 88, "excluded_lines": 0, "percent_statements_covered": 69.23076923076923, "percent_statements_covered_display": "69"}, "missing_lines": [657, 671, 672, 684, 706, 707, 708, 709, 710, 711, 712, 713, 746, 749, 750, 762, 877, 878, 883, 908, 934, 969, 993, 994, 996, 1052, 1058, 1096, 1097, 1098, 1213, 1214, 1215, 1216, 1217, 1218, 1219, 1225, 1226, 1232, 1233, 1234, 1235, 1236, 1237, 1238, 1241, 1242, 1243, 1246, 1247, 1248, 1249, 1252, 1253, 1254, 1262, 1263, 1264, 1314, 1315, 1316, 1317, 1318, 1319, 1320, 1321, 1324, 1325, 1326, 1327, 1330, 1336, 1342, 1358, 1359, 1360, 1361, 1362, 1363, 1377, 1527, 1528, 1529, 1530, 1533, 1534, 1535], "excluded_lines": [], "start_line": 613}, "CustomPageIndexClient._persist_flat_result": {"executed_lines": [1585, 1587, 1592, 1593, 1599, 1605, 1606, 1610, 1611, 1617, 1620, 1621, 1623, 1628, 1629, 1638, 1643, 1644, 1645, 1647, 1648, 1649, 1651, 1652, 1665, 1666, 1667, 1669, 1670, 1679, 1680, 1685, 1686, 1687, 1688, 1689, 1696, 1697, 1703, 1704, 1705, 1706, 1711, 1717, 1718, 1719, 1725, 1739, 1745, 1746, 1748, 1756, 1760, 1761, 1770, 1771, 1772, 1773, 1774, 1780, 1784, 1785, 1798, 1809, 1810, 1817, 1818, 1822, 1824, 1825, 1826, 1832, 1833, 1834, 1839, 1847, 1850, 1853, 1854, 1938, 1955, 1957, 1959, 1965, 1970, 1971, 1972, 1975, 1982, 1996, 2001, 2002, 2003, 2009, 2010, 2011, 2012, 2014, 2015, 2018, 2031, 2032, 2040, 2042, 2049, 2052, 2064, 2077, 2090, 2092], "summary": {"covered_lines": 110, "num_statements": 145, "percent_covered": 75.86206896551724, "percent_covered_display": "76", "missing_lines": 35, "excluded_lines": 0, "percent_statements_covered": 75.86206896551724, "percent_statements_covered_display": "76"}, "missing_lines": [1594, 1598, 1600, 1604, 1608, 1618, 1732, 1781, 1782, 1783, 1786, 1861, 1862, 1863, 1870, 1871, 1885, 1890, 1891, 1892, 1897, 1905, 1906, 1907, 1908, 1923, 1939, 1973, 1997, 2004, 2013, 2033, 2034, 2035, 2091], "excluded_lines": [], "start_line": 1566}, "CustomPageIndexClient._persist_tree_result": {"executed_lines": [2109, 2111, 2112, 2113, 2118, 2119, 2121, 2130, 2131, 2133, 2134, 2140, 2156, 2174, 2175, 2176, 2181, 2182, 2183, 2187, 2189, 2190, 2193, 2194, 2195, 2196, 2197, 2199, 2200, 2201, 2202, 2203, 2205, 2209, 2211, 2212, 2217, 2219, 2227, 2239, 2251, 2264, 2266], "summary": {"covered_lines": 43, "num_statements": 55, "percent_covered": 78.18181818181819, "percent_covered_display": "78", "missing_lines": 12, "excluded_lines": 0, "percent_statements_covered": 78.18181818181819, "percent_statements_covered_display": "78"}, "missing_lines": [2177, 2184, 2185, 2186, 2188, 2198, 2204, 2206, 2213, 2214, 2215, 2265], "excluded_lines": [], "start_line": 2094}, "CustomPageIndexClient.index": {"executed_lines": [2285, 2286, 2288, 2290, 2291, 2292, 2298, 2299, 2302, 2303, 2304, 2312, 2315, 2316, 2318, 2323, 2324, 2325, 2327, 2328, 2347, 2354, 2369, 2370, 2371, 2389, 2390, 2393, 2398, 2399, 2400, 2404, 2417, 2426, 2427, 2428, 2429, 2430, 2431, 2432, 2433, 2434, 2435, 2436, 2437, 2443, 2458, 2460, 2461, 2470, 2471, 2478, 2488, 2496, 2503, 2515, 2516, 2517, 2519, 2520, 2533, 2534, 2536, 2541, 2542, 2547, 2549, 2559, 2560, 2579, 2593, 2595, 2596], "summary": {"covered_lines": 73, "num_statements": 93, "percent_covered": 78.49462365591398, "percent_covered_display": "78", "missing_lines": 20, "excluded_lines": 0, "percent_statements_covered": 78.49462365591398, "percent_statements_covered_display": "78"}, "missing_lines": [2293, 2300, 2319, 2329, 2330, 2331, 2332, 2338, 2339, 2340, 2401, 2489, 2490, 2550, 2551, 2552, 2557, 2567, 2571, 2594], "excluded_lines": [], "start_line": 2272}, "CustomPageIndexClient.get_document": {"executed_lines": [], "summary": {"covered_lines": 0, "num_statements": 4, "percent_covered": 0.0, "percent_covered_display": "0", "missing_lines": 4, "excluded_lines": 0, "percent_statements_covered": 0.0, "percent_statements_covered_display": "0"}, "missing_lines": [2604, 2606, 2607, 2608], "excluded_lines": [], "start_line": 2602}, "CustomPageIndexClient.get_document_structure": {"executed_lines": [], "summary": {"covered_lines": 0, "num_statements": 3, "percent_covered": 0.0, "percent_covered_display": "0", "missing_lines": 3, "excluded_lines": 0, "percent_statements_covered": 0.0, "percent_statements_covered_display": "0"}, "missing_lines": [2623, 2625, 2626], "excluded_lines": [], "start_line": 2621}, "CustomPageIndexClient.get_page_content": {"executed_lines": [], "summary": {"covered_lines": 0, "num_statements": 6, "percent_covered": 0.0, "percent_covered_display": "0", "missing_lines": 6, "excluded_lines": 0, "percent_statements_covered": 0.0, "percent_statements_covered_display": "0"}, "missing_lines": [2639, 2641, 2642, 2644, 2645, 2646], "excluded_lines": [], "start_line": 2634}, "CustomPageIndexClient._run_page_index": {"executed_lines": [], "summary": {"covered_lines": 0, "num_statements": 2, "percent_covered": 0.0, "percent_covered_display": "0", "missing_lines": 2, "excluded_lines": 0, "percent_statements_covered": 0.0, "percent_statements_covered_display": "0"}, "missing_lines": [2653, 2655], "excluded_lines": [], "start_line": 2652}, "CustomPageIndexClient._run_page_index_retrying": {"executed_lines": [], "summary": {"covered_lines": 0, "num_statements": 2, "percent_covered": 0.0, "percent_covered_display": "0", "missing_lines": 2, "excluded_lines": 0, "percent_statements_covered": 0.0, "percent_statements_covered_display": "0"}, "missing_lines": [2667, 2680], "excluded_lines": [], "start_line": 2664}, "CustomPageIndexClient._run_page_index_retrying.call_fn": {"executed_lines": [], "summary": {"covered_lines": 0, "num_statements": 9, "percent_covered": 0.0, "percent_covered_display": "0", "missing_lines": 9, "excluded_lines": 0, "percent_statements_covered": 0.0, "percent_statements_covered_display": "0"}, "missing_lines": [2668, 2669, 2670, 2672, 2673, 2674, 2675, 2677, 2678], "excluded_lines": [], "start_line": 2667}, "CustomPageIndexClient._run_md_to_tree": {"executed_lines": [], "summary": {"covered_lines": 0, "num_statements": 10, "percent_covered": 0.0, "percent_covered_display": "0", "missing_lines": 10, "excluded_lines": 0, "percent_statements_covered": 0.0, "percent_statements_covered_display": "0"}, "missing_lines": [2683, 2686, 2715, 2719, 2720, 2724, 2725, 2726, 2734, 2738], "excluded_lines": [], "start_line": 2682}, "CustomPageIndexClient._run_md_to_tree.call_fn": {"executed_lines": [], "summary": {"covered_lines": 0, "num_statements": 14, "percent_covered": 0.0, "percent_covered_display": "0", "missing_lines": 14, "excluded_lines": 0, "percent_statements_covered": 0.0, "percent_statements_covered_display": "0"}, "missing_lines": [2687, 2688, 2689, 2691, 2692, 2693, 2694, 2706, 2707, 2708, 2709, 2710, 2712, 2713], "excluded_lines": [], "start_line": 2686}, "": {"executed_lines": [3, 5, 6, 7, 8, 9, 10, 11, 12, 13, 14, 15, 16, 18, 20, 21, 30, 50, 81, 94, 95, 96, 97, 98, 107, 109, 111, 120, 126, 131, 134, 139, 229, 249, 293, 295, 306, 318, 342, 350, 409, 410, 416, 419, 420, 426, 427, 430, 431, 432, 433, 434, 435, 438, 483, 492, 508, 547, 558, 584, 613, 1566, 2094, 2272, 2602, 2621, 2634, 2652, 2664, 2682], "summary": {"covered_lines": 70, "num_statements": 70, "percent_covered": 100.0, "percent_covered_display": "100", "missing_lines": 0, "excluded_lines": 0, "percent_statements_covered": 100.0, "percent_statements_covered_display": "100"}, "missing_lines": [], "excluded_lines": [], "start_line": 1}}, "classes": {"SuryaRecoveryResult": {"executed_lines": [], "summary": {"covered_lines": 0, "num_statements": 0, "percent_covered": 100.0, "percent_covered_display": "100", "missing_lines": 0, "excluded_lines": 0, "percent_statements_covered": 100.0, "percent_statements_covered_display": "100"}, "missing_lines": [], "excluded_lines": [], "start_line": 427}, "CustomPageIndexClient": {"executed_lines": [564, 565, 566, 571, 577, 578, 593, 594, 595, 598, 599, 600, 601, 605, 611, 626, 627, 629, 630, 636, 637, 638, 655, 656, 659, 661, 662, 667, 683, 691, 692, 694, 695, 704, 705, 714, 716, 717, 718, 727, 728, 734, 735, 773, 774, 786, 793, 808, 811, 812, 816, 817, 830, 831, 832, 833, 834, 837, 848, 849, 850, 851, 852, 853, 854, 855, 856, 859, 869, 870, 887, 888, 898, 907, 910, 920, 921, 926, 933, 935, 936, 937, 938, 939, 940, 952, 954, 955, 958, 980, 981, 987, 988, 989, 990, 991, 992, 998, 999, 1010, 1025, 1028, 1029, 1036, 1038, 1039, 1040, 1049, 1051, 1060, 1065, 1066, 1067, 1077, 1078, 1079, 1091, 1092, 1104, 1105, 1108, 1125, 1126, 1127, 1128, 1136, 1137, 1138, 1139, 1140, 1141, 1147, 1148, 1149, 1159, 1168, 1169, 1180, 1181, 1185, 1186, 1189, 1190, 1191, 1193, 1194, 1205, 1206, 1208, 1209, 1210, 1212, 1245, 1256, 1257, 1258, 1259, 1260, 1261, 1265, 1280, 1281, 1282, 1283, 1284, 1285, 1286, 1289, 1299, 1300, 1312, 1313, 1387, 1394, 1395, 1396, 1405, 1408, 1414, 1415, 1417, 1418, 1424, 1425, 1431, 1434, 1435, 1436, 1437, 1438, 1453, 1468, 1482, 1483, 1498, 1515, 1516, 1517, 1518, 1519, 1522, 1523, 1524, 1538, 1542, 1543, 1544, 1546, 1549, 1556, 1557, 1558, 1564, 1585, 1587, 1592, 1593, 1599, 1605, 1606, 1610, 1611, 1617, 1620, 1621, 1623, 1628, 1629, 1638, 1643, 1644, 1645, 1647, 1648, 1649, 1651, 1652, 1665, 1666, 1667, 1669, 1670, 1679, 1680, 1685, 1686, 1687, 1688, 1689, 1696, 1697, 1703, 1704, 1705, 1706, 1711, 1717, 1718, 1719, 1725, 1739, 1745, 1746, 1748, 1756, 1760, 1761, 1770, 1771, 1772, 1773, 1774, 1780, 1784, 1785, 1798, 1809, 1810, 1817, 1818, 1822, 1824, 1825, 1826, 1832, 1833, 1834, 1839, 1847, 1850, 1853, 1854, 1938, 1955, 1957, 1959, 1965, 1970, 1971, 1972, 1975, 1982, 1996, 2001, 2002, 2003, 2009, 2010, 2011, 2012, 2014, 2015, 2018, 2031, 2032, 2040, 2042, 2049, 2052, 2064, 2077, 2090, 2092, 2109, 2111, 2112, 2113, 2118, 2119, 2121, 2130, 2131, 2133, 2134, 2140, 2156, 2174, 2175, 2176, 2181, 2182, 2183, 2187, 2189, 2190, 2193, 2194, 2195, 2196, 2197, 2199, 2200, 2201, 2202, 2203, 2205, 2209, 2211, 2212, 2217, 2219, 2227, 2239, 2251, 2264, 2266, 2285, 2286, 2288, 2290, 2291, 2292, 2298, 2299, 2302, 2303, 2304, 2312, 2315, 2316, 2318, 2323, 2324, 2325, 2327, 2328, 2347, 2354, 2369, 2370, 2371, 2389, 2390, 2393, 2398, 2399, 2400, 2404, 2417, 2426, 2427, 2428, 2429, 2430, 2431, 2432, 2433, 2434, 2435, 2436, 2437, 2443, 2458, 2460, 2461, 2470, 2471, 2478, 2488, 2496, 2503, 2515, 2516, 2517, 2519, 2520, 2533, 2534, 2536, 2541, 2542, 2547, 2549, 2559, 2560, 2579, 2593, 2595, 2596], "summary": {"covered_lines": 439, "num_statements": 644, "percent_covered": 68.16770186335404, "percent_covered_display": "68", "missing_lines": 205, "excluded_lines": 0, "percent_statements_covered": 68.16770186335404, "percent_statements_covered_display": "68"}, "missing_lines": [657, 671, 672, 684, 706, 707, 708, 709, 710, 711, 712, 713, 746, 749, 750, 762, 877, 878, 883, 908, 934, 969, 993, 994, 996, 1052, 1058, 1096, 1097, 1098, 1213, 1214, 1215, 1216, 1217, 1218, 1219, 1225, 1226, 1232, 1233, 1234, 1235, 1236, 1237, 1238, 1241, 1242, 1243, 1246, 1247, 1248, 1249, 1252, 1253, 1254, 1262, 1263, 1264, 1314, 1315, 1316, 1317, 1318, 1319, 1320, 1321, 1324, 1325, 1326, 1327, 1330, 1336, 1342, 1358, 1359, 1360, 1361, 1362, 1363, 1377, 1527, 1528, 1529, 1530, 1533, 1534, 1535, 1594, 1598, 1600, 1604, 1608, 1618, 1732, 1781, 1782, 1783, 1786, 1861, 1862, 1863, 1870, 1871, 1885, 1890, 1891, 1892, 1897, 1905, 1906, 1907, 1908, 1923, 1939, 1973, 1997, 2004, 2013, 2033, 2034, 2035, 2091, 2177, 2184, 2185, 2186, 2188, 2198, 2204, 2206, 2213, 2214, 2215, 2265, 2293, 2300, 2319, 2329, 2330, 2331, 2332, 2338, 2339, 2340, 2401, 2489, 2490, 2550, 2551, 2552, 2557, 2567, 2571, 2594, 2604, 2606, 2607, 2608, 2623, 2625, 2626, 2639, 2641, 2642, 2644, 2645, 2646, 2653, 2655, 2667, 2668, 2669, 2670, 2672, 2673, 2674, 2675, 2677, 2678, 2680, 2683, 2686, 2687, 2688, 2689, 2691, 2692, 2693, 2694, 2706, 2707, 2708, 2709, 2710, 2712, 2713, 2715, 2719, 2720, 2724, 2725, 2726, 2734, 2738], "excluded_lines": [], "start_line": 547}, "": {"executed_lines": [3, 5, 6, 7, 8, 9, 10, 11, 12, 13, 14, 15, 16, 18, 20, 21, 30, 50, 81, 94, 95, 96, 97, 98, 107, 109, 111, 120, 126, 131, 134, 136, 139, 164, 165, 167, 169, 170, 171, 172, 182, 229, 235, 236, 244, 245, 246, 249, 256, 257, 258, 260, 262, 263, 264, 265, 266, 285, 286, 287, 293, 295, 306, 318, 324, 325, 326, 327, 328, 329, 330, 342, 350, 365, 366, 371, 372, 385, 386, 387, 388, 389, 395, 396, 405, 409, 410, 416, 419, 420, 426, 427, 430, 431, 432, 433, 434, 435, 438, 445, 446, 448, 449, 450, 451, 456, 457, 458, 461, 463, 464, 465, 466, 467, 468, 469, 470, 471, 473, 483, 489, 492, 503, 508, 514, 515, 517, 518, 519, 520, 524, 525, 526, 529, 531, 532, 533, 534, 535, 537, 547, 558, 584, 613, 1566, 2094, 2272, 2602, 2621, 2634, 2652, 2664, 2682], "summary": {"covered_lines": 153, "num_statements": 179, "percent_covered": 85.47486033519553, "percent_covered_display": "85", "missing_lines": 26, "excluded_lines": 0, "percent_statements_covered": 85.47486033519553, "percent_statements_covered_display": "85"}, "missing_lines": [188, 189, 199, 200, 201, 211, 212, 213, 214, 215, 216, 217, 226, 284, 373, 374, 382, 390, 391, 397, 398, 399, 400, 401, 402, 403], "excluded_lines": [], "start_line": 1}}}, "src/pageindex_mcp/client/llm.py": {"executed_lines": [3, 5, 6, 7, 8, 10, 12, 13, 15, 18, 21, 22, 23, 24, 25, 29, 30, 31, 37, 40, 42, 43, 44, 45, 46, 47, 48, 50, 51, 52, 53, 56, 73, 74, 76, 77, 78, 79, 80, 81, 83, 84, 86, 87, 88, 89, 90, 91, 92, 93, 94, 95, 97, 98, 100, 101, 104, 105, 106, 110, 116, 118, 126, 129, 134, 136, 137, 138, 139, 140, 142, 147, 148, 153, 160, 162, 165, 178, 179, 180, 181, 182, 186, 189, 202, 204, 205, 206, 207, 209, 211, 212, 217, 223, 233, 235, 238, 239, 240, 241, 242, 243, 244, 245, 246, 247, 248, 251, 258, 260, 262, 263, 264, 265, 266, 267, 270, 285, 287, 288, 289, 290, 292, 293, 294, 295, 296, 297, 298, 303, 309, 310, 311, 312], "summary": {"covered_lines": 134, "num_statements": 142, "percent_covered": 94.36619718309859, "percent_covered_display": "94", "missing_lines": 8, "excluded_lines": 2, "percent_statements_covered": 94.36619718309859, "percent_statements_covered_display": "94"}, "missing_lines": [108, 111, 112, 113, 114, 149, 150, 151], "excluded_lines": [299, 300], "functions": {"LLMTransientFailure.__init__": {"executed_lines": [22, 23, 24, 25], "summary": {"covered_lines": 4, "num_statements": 4, "percent_covered": 100.0, "percent_covered_display": "100", "missing_lines": 0, "excluded_lines": 0, "percent_statements_covered": 100.0, "percent_statements_covered_display": "100"}, "missing_lines": [], "excluded_lines": [], "start_line": 21}, "_is_retryable_llm_error": {"executed_lines": [42, 43, 44, 45, 46, 47, 48, 50, 51, 52, 53], "summary": {"covered_lines": 11, "num_statements": 11, "percent_covered": 100.0, "percent_covered_display": "100", "missing_lines": 0, "excluded_lines": 0, "percent_statements_covered": 100.0, "percent_statements_covered_display": "100"}, "missing_lines": [], "excluded_lines": [], "start_line": 40}, "_llm_with_retry": {"executed_lines": [73, 74, 76, 77, 78, 79, 80, 81, 83, 84, 86, 87, 88, 89, 90, 91, 92, 93, 94, 95, 97, 98, 100, 101, 104, 105, 106, 110, 116, 118, 126, 129, 134, 136, 137, 138, 139, 140, 142, 147, 148, 153], "summary": {"covered_lines": 42, "num_statements": 50, "percent_covered": 84.0, "percent_covered_display": "84", "missing_lines": 8, "excluded_lines": 0, "percent_statements_covered": 84.0, "percent_statements_covered_display": "84"}, "missing_lines": [108, 111, 112, 113, 114, 149, 150, 151], "excluded_lines": [], "start_line": 56}, "_is_azure_url": {"executed_lines": [162], "summary": {"covered_lines": 1, "num_statements": 1, "percent_covered": 100.0, "percent_covered_display": "100", "missing_lines": 0, "excluded_lines": 0, "percent_statements_covered": 100.0, "percent_statements_covered_display": "100"}, "missing_lines": [], "excluded_lines": [], "start_line": 160}, "resolve_llm_provider": {"executed_lines": [178, 179, 180, 181, 182, 186], "summary": {"covered_lines": 6, "num_statements": 6, "percent_covered": 100.0, "percent_covered_display": "100", "missing_lines": 0, "excluded_lines": 0, "percent_statements_covered": 100.0, "percent_statements_covered_display": "100"}, "missing_lines": [], "excluded_lines": [], "start_line": 165}, "get_openai_client": {"executed_lines": [202, 204, 205, 206, 207, 209, 211, 212, 217], "summary": {"covered_lines": 9, "num_statements": 9, "percent_covered": 100.0, "percent_covered_display": "100", "missing_lines": 0, "excluded_lines": 0, "percent_statements_covered": 100.0, "percent_statements_covered_display": "100"}, "missing_lines": [], "excluded_lines": [], "start_line": 189}, "configure_litellm": {"executed_lines": [233, 235, 238, 239, 240, 241, 242, 243, 244, 245, 246, 247, 248], "summary": {"covered_lines": 13, "num_statements": 13, "percent_covered": 100.0, "percent_covered_display": "100", "missing_lines": 0, "excluded_lines": 0, "percent_statements_covered": 100.0, "percent_statements_covered_display": "100"}, "missing_lines": [], "excluded_lines": [], "start_line": 223}, "_instrument_litellm_tracing": {"executed_lines": [258, 260, 262, 263, 264, 265, 266, 267], "summary": {"covered_lines": 8, "num_statements": 8, "percent_covered": 100.0, "percent_covered_display": "100", "missing_lines": 0, "excluded_lines": 0, "percent_statements_covered": 100.0, "percent_statements_covered_display": "100"}, "missing_lines": [], "excluded_lines": [], "start_line": 251}, "flush_litellm_tracing": {"executed_lines": [285, 287, 288, 289, 290, 292, 293, 294, 295, 296, 297, 298], "summary": {"covered_lines": 12, "num_statements": 12, "percent_covered": 100.0, "percent_covered_display": "100", "missing_lines": 0, "excluded_lines": 2, "percent_statements_covered": 100.0, "percent_statements_covered_display": "100"}, "missing_lines": [], "excluded_lines": [299, 300], "start_line": 270}, "validate_llm_config": {"executed_lines": [309, 310, 311, 312], "summary": {"covered_lines": 4, "num_statements": 4, "percent_covered": 100.0, "percent_covered_display": "100", "missing_lines": 0, "excluded_lines": 0, "percent_statements_covered": 100.0, "percent_statements_covered_display": "100"}, "missing_lines": [], "excluded_lines": [], "start_line": 303}, "": {"executed_lines": [3, 5, 6, 7, 8, 10, 12, 13, 15, 18, 21, 29, 30, 31, 37, 40, 56, 160, 165, 189, 223, 251, 270, 303], "summary": {"covered_lines": 24, "num_statements": 24, "percent_covered": 100.0, "percent_covered_display": "100", "missing_lines": 0, "excluded_lines": 0, "percent_statements_covered": 100.0, "percent_statements_covered_display": "100"}, "missing_lines": [], "excluded_lines": [], "start_line": 1}}, "classes": {"LLMTransientFailure": {"executed_lines": [22, 23, 24, 25], "summary": {"covered_lines": 4, "num_statements": 4, "percent_covered": 100.0, "percent_covered_display": "100", "missing_lines": 0, "excluded_lines": 0, "percent_statements_covered": 100.0, "percent_statements_covered_display": "100"}, "missing_lines": [], "excluded_lines": [], "start_line": 18}, "": {"executed_lines": [3, 5, 6, 7, 8, 10, 12, 13, 15, 18, 21, 29, 30, 31, 37, 40, 42, 43, 44, 45, 46, 47, 48, 50, 51, 52, 53, 56, 73, 74, 76, 77, 78, 79, 80, 81, 83, 84, 86, 87, 88, 89, 90, 91, 92, 93, 94, 95, 97, 98, 100, 101, 104, 105, 106, 110, 116, 118, 126, 129, 134, 136, 137, 138, 139, 140, 142, 147, 148, 153, 160, 162, 165, 178, 179, 180, 181, 182, 186, 189, 202, 204, 205, 206, 207, 209, 211, 212, 217, 223, 233, 235, 238, 239, 240, 241, 242, 243, 244, 245, 246, 247, 248, 251, 258, 260, 262, 263, 264, 265, 266, 267, 270, 285, 287, 288, 289, 290, 292, 293, 294, 295, 296, 297, 298, 303, 309, 310, 311, 312], "summary": {"covered_lines": 130, "num_statements": 138, "percent_covered": 94.20289855072464, "percent_covered_display": "94", "missing_lines": 8, "excluded_lines": 2, "percent_statements_covered": 94.20289855072464, "percent_statements_covered_display": "94"}, "missing_lines": [108, 111, 112, 113, 114, 149, 150, 151], "excluded_lines": [299, 300], "start_line": 1}}}, "src/pageindex_mcp/client/recovery.py": {"executed_lines": [3, 5, 6, 7, 8, 9, 11, 16, 25, 26, 27, 41, 42, 43, 48, 49, 50, 55, 66, 67, 68, 69, 70, 71, 72, 79, 82, 88, 90, 91, 92, 93, 96, 123, 125, 126, 137, 138, 151, 157, 158, 159, 160, 168, 169, 182, 183, 196, 199, 200, 201, 202, 218, 233, 236, 237, 245, 246, 259, 261, 262, 263, 264, 283, 284, 292, 293, 300, 313, 339, 364, 392, 393, 394, 397, 398, 399, 418, 420, 421, 425, 426, 427, 428, 429, 430, 452, 462, 463, 465, 471, 475, 490, 496, 505, 508, 509, 510, 515, 518, 526, 534, 539, 540, 541, 550, 560, 566, 567, 572, 582, 583, 585, 593, 596, 597, 599, 609, 610, 621, 622, 623, 630, 632, 635, 636, 639, 640, 641, 651, 652, 653, 654, 661, 671, 675, 690, 692, 693, 694, 696, 708, 709, 711, 726, 728, 729, 730, 731, 732, 743, 752, 764, 765, 767, 782, 783, 784, 785, 786, 788, 791, 792, 793, 794, 795, 807, 808, 818, 830, 833, 848, 855, 869, 875, 876, 878, 879, 880, 881, 882, 883, 884, 885, 887, 891, 892, 897, 898, 904, 913, 923, 930, 987, 1002, 1003, 1011, 1028, 1037, 1038, 1040, 1045, 1046, 1049, 1050, 1056, 1057, 1064, 1069, 1070, 1071, 1072, 1077, 1083, 1084, 1085, 1086, 1092, 1098, 1100, 1110, 1111, 1114, 1115, 1121, 1122, 1123, 1124, 1127, 1135, 1146, 1157, 1171, 1172, 1173, 1174, 1175, 1177, 1179, 1184, 1190, 1191, 1194, 1195, 1230, 1249, 1255, 1256, 1257, 1265, 1270, 1284, 1289, 1292, 1301, 1312], "summary": {"covered_lines": 256, "num_statements": 320, "percent_covered": 80.0, "percent_covered_display": "80", "missing_lines": 64, "excluded_lines": 15, "percent_statements_covered": 80.0, "percent_statements_covered_display": "80"}, "missing_lines": [265, 278, 315, 323, 336, 436, 437, 438, 445, 474, 476, 482, 483, 506, 519, 520, 527, 532, 551, 552, 553, 631, 691, 695, 727, 733, 742, 787, 789, 831, 849, 856, 862, 868, 910, 911, 931, 932, 935, 936, 937, 938, 939, 940, 946, 949, 957, 969, 980, 981, 1012, 1018, 1027, 1178, 1196, 1205, 1208, 1217, 1242, 1243, 1271, 1272, 1273, 1283], "excluded_lines": [52, 53, 350, 351, 353, 354, 355, 356, 357, 358, 359, 360, 361, 362, 363], "functions": {"_repeating_token_density": {"executed_lines": [88, 90, 91, 92, 93], "summary": {"covered_lines": 5, "num_statements": 5, "percent_covered": 100.0, "percent_covered_display": "100", "missing_lines": 0, "excluded_lines": 0, "percent_statements_covered": 100.0, "percent_statements_covered_display": "100"}, "missing_lines": [], "excluded_lines": [], "start_line": 82}, "_keep_best_wins": {"executed_lines": [123, 125, 126, 137, 138, 151, 157, 158, 159, 160, 168, 169, 182, 183, 196, 199, 200, 201, 202, 218, 233, 236, 237, 245, 246, 259, 261, 262, 263, 264, 283, 284, 292, 293, 300, 313], "summary": {"covered_lines": 36, "num_statements": 41, "percent_covered": 87.8048780487805, "percent_covered_display": "88", "missing_lines": 5, "excluded_lines": 0, "percent_statements_covered": 87.8048780487805, "percent_statements_covered_display": "88"}, "missing_lines": [265, 278, 315, 323, 336], "excluded_lines": [], "start_line": 96}, "RecoveryMixin._reconvert_and_revalidate": {"executed_lines": [], "summary": {"covered_lines": 0, "num_statements": 0, "percent_covered": 100.0, "percent_covered_display": "100", "missing_lines": 0, "excluded_lines": 1, "percent_statements_covered": 100.0, "percent_statements_covered_display": "100"}, "missing_lines": [], "excluded_lines": [360], "start_line": 353}, "RecoveryMixin._run_md_to_tree": {"executed_lines": [], "summary": {"covered_lines": 0, "num_statements": 0, "percent_covered": 100.0, "percent_covered_display": "100", "missing_lines": 0, "excluded_lines": 1, "percent_statements_covered": 100.0, "percent_statements_covered_display": "100"}, "missing_lines": [], "excluded_lines": [362], "start_line": 362}, "RecoveryMixin._execute_ocr_retry": {"executed_lines": [392, 393, 394, 397, 398, 399, 418, 420, 421, 425, 426, 427, 428, 429, 430, 452, 462, 463, 465, 471, 475, 490, 496, 505, 508, 509, 510, 515, 518, 526, 534, 539, 540, 541, 550, 560, 566, 567, 572, 582, 583, 585, 593, 596, 597, 599, 609, 610, 621, 622, 623, 630, 632, 635, 636, 639, 640, 641, 651, 652, 653, 654, 661, 671], "summary": {"covered_lines": 64, "num_statements": 81, "percent_covered": 79.01234567901234, "percent_covered_display": "79", "missing_lines": 17, "excluded_lines": 0, "percent_statements_covered": 79.01234567901234, "percent_statements_covered_display": "79"}, "missing_lines": [436, 437, 438, 445, 474, 476, 482, 483, 506, 519, 520, 527, 532, 551, 552, 553, 631], "excluded_lines": [], "start_line": 364}, "RecoveryMixin._recover_garble_ocr": {"executed_lines": [690, 692, 693, 694, 696, 708, 709], "summary": {"covered_lines": 7, "num_statements": 9, "percent_covered": 77.77777777777777, "percent_covered_display": "78", "missing_lines": 2, "excluded_lines": 0, "percent_statements_covered": 77.77777777777777, "percent_statements_covered_display": "78"}, "missing_lines": [691, 695], "excluded_lines": [], "start_line": 675}, "RecoveryMixin._recover_low_content_ocr": {"executed_lines": [726, 728, 729, 730, 731, 732, 743, 752, 764, 765], "summary": {"covered_lines": 10, "num_statements": 13, "percent_covered": 76.92307692307692, "percent_covered_display": "77", "missing_lines": 3, "excluded_lines": 0, "percent_statements_covered": 76.92307692307692, "percent_statements_covered_display": "77"}, "missing_lines": [727, 733, 742], "excluded_lines": [], "start_line": 711}, "RecoveryMixin._recover_image_dominant_ocr": {"executed_lines": [782, 783, 784, 785, 786, 788, 791, 792, 793, 794, 795, 807, 808, 818, 830], "summary": {"covered_lines": 15, "num_statements": 18, "percent_covered": 83.33333333333333, "percent_covered_display": "83", "missing_lines": 3, "excluded_lines": 0, "percent_statements_covered": 83.33333333333333, "percent_statements_covered_display": "83"}, "missing_lines": [787, 789, 831], "excluded_lines": [], "start_line": 767}, "RecoveryMixin._recover_rtl_repair": {"executed_lines": [848, 855, 869, 875, 876, 878, 887, 891, 892, 897, 898, 904], "summary": {"covered_lines": 12, "num_statements": 18, "percent_covered": 66.66666666666667, "percent_covered_display": "67", "missing_lines": 6, "excluded_lines": 0, "percent_statements_covered": 66.66666666666667, "percent_statements_covered_display": "67"}, "missing_lines": [849, 856, 862, 868, 910, 911], "excluded_lines": [], "start_line": 833}, "RecoveryMixin._recover_rtl_repair._repair_rtl_nodes": {"executed_lines": [879, 880, 881, 882, 883, 884, 885], "summary": {"covered_lines": 7, "num_statements": 7, "percent_covered": 100.0, "percent_covered_display": "100", "missing_lines": 0, "excluded_lines": 0, "percent_statements_covered": 100.0, "percent_statements_covered_display": "100"}, "missing_lines": [], "excluded_lines": [], "start_line": 878}, "RecoveryMixin._recover_rtl_flat_compare": {"executed_lines": [923, 930], "summary": {"covered_lines": 2, "num_statements": 16, "percent_covered": 12.5, "percent_covered_display": "12", "missing_lines": 14, "excluded_lines": 0, "percent_statements_covered": 12.5, "percent_statements_covered_display": "12"}, "missing_lines": [931, 932, 935, 936, 937, 938, 939, 940, 946, 949, 957, 969, 980, 981], "excluded_lines": [], "start_line": 913}, "RecoveryMixin._recover_vlm_fallback": {"executed_lines": [1002, 1003, 1011, 1028, 1037, 1038, 1040, 1045, 1046, 1049, 1050, 1056, 1057, 1064, 1069, 1070, 1071, 1072, 1077, 1083, 1084, 1085, 1086, 1092, 1098, 1100, 1110, 1111, 1114, 1115, 1121, 1122, 1123, 1124, 1127, 1135, 1146], "summary": {"covered_lines": 37, "num_statements": 40, "percent_covered": 92.5, "percent_covered_display": "92", "missing_lines": 3, "excluded_lines": 0, "percent_statements_covered": 92.5, "percent_statements_covered_display": "92"}, "missing_lines": [1012, 1018, 1027], "excluded_lines": [], "start_line": 987}, "RecoveryMixin._recover_flat_prefer": {"executed_lines": [1171, 1172, 1173, 1174, 1175, 1177, 1179, 1184, 1190, 1191, 1194, 1195, 1230], "summary": {"covered_lines": 13, "num_statements": 20, "percent_covered": 65.0, "percent_covered_display": "65", "missing_lines": 7, "excluded_lines": 0, "percent_statements_covered": 65.0, "percent_statements_covered_display": "65"}, "missing_lines": [1178, 1196, 1205, 1208, 1217, 1242, 1243], "excluded_lines": [], "start_line": 1157}, "RecoveryMixin._recover_landscape_reroute": {"executed_lines": [1255, 1256, 1257, 1265, 1270, 1284, 1289, 1292, 1301, 1312], "summary": {"covered_lines": 10, "num_statements": 14, "percent_covered": 71.42857142857143, "percent_covered_display": "71", "missing_lines": 4, "excluded_lines": 0, "percent_statements_covered": 71.42857142857143, "percent_statements_covered_display": "71"}, "missing_lines": [1271, 1272, 1273, 1283], "excluded_lines": [], "start_line": 1249}, "": {"executed_lines": [3, 5, 6, 7, 8, 9, 11, 16, 25, 26, 27, 41, 42, 43, 48, 49, 50, 55, 66, 67, 68, 69, 70, 71, 72, 79, 82, 96, 339, 364, 675, 711, 767, 833, 913, 987, 1157, 1249], "summary": {"covered_lines": 38, "num_statements": 38, "percent_covered": 100.0, "percent_covered_display": "100", "missing_lines": 0, "excluded_lines": 13, "percent_statements_covered": 100.0, "percent_statements_covered_display": "100"}, "missing_lines": [], "excluded_lines": [52, 53, 350, 351, 353, 354, 355, 356, 357, 358, 359, 361, 363], "start_line": 1}}, "classes": {"RecoveryMixin": {"executed_lines": [392, 393, 394, 397, 398, 399, 418, 420, 421, 425, 426, 427, 428, 429, 430, 452, 462, 463, 465, 471, 475, 490, 496, 505, 508, 509, 510, 515, 518, 526, 534, 539, 540, 541, 550, 560, 566, 567, 572, 582, 583, 585, 593, 596, 597, 599, 609, 610, 621, 622, 623, 630, 632, 635, 636, 639, 640, 641, 651, 652, 653, 654, 661, 671, 690, 692, 693, 694, 696, 708, 709, 726, 728, 729, 730, 731, 732, 743, 752, 764, 765, 782, 783, 784, 785, 786, 788, 791, 792, 793, 794, 795, 807, 808, 818, 830, 848, 855, 869, 875, 876, 878, 879, 880, 881, 882, 883, 884, 885, 887, 891, 892, 897, 898, 904, 923, 930, 1002, 1003, 1011, 1028, 1037, 1038, 1040, 1045, 1046, 1049, 1050, 1056, 1057, 1064, 1069, 1070, 1071, 1072, 1077, 1083, 1084, 1085, 1086, 1092, 1098, 1100, 1110, 1111, 1114, 1115, 1121, 1122, 1123, 1124, 1127, 1135, 1146, 1171, 1172, 1173, 1174, 1175, 1177, 1179, 1184, 1190, 1191, 1194, 1195, 1230, 1255, 1256, 1257, 1265, 1270, 1284, 1289, 1292, 1301, 1312], "summary": {"covered_lines": 177, "num_statements": 236, "percent_covered": 75.0, "percent_covered_display": "75", "missing_lines": 59, "excluded_lines": 2, "percent_statements_covered": 75.0, "percent_statements_covered_display": "75"}, "missing_lines": [436, 437, 438, 445, 474, 476, 482, 483, 506, 519, 520, 527, 532, 551, 552, 553, 631, 691, 695, 727, 733, 742, 787, 789, 831, 849, 856, 862, 868, 910, 911, 931, 932, 935, 936, 937, 938, 939, 940, 946, 949, 957, 969, 980, 981, 1012, 1018, 1027, 1178, 1196, 1205, 1208, 1217, 1242, 1243, 1271, 1272, 1273, 1283], "excluded_lines": [360, 362], "start_line": 339}, "": {"executed_lines": [3, 5, 6, 7, 8, 9, 11, 16, 25, 26, 27, 41, 42, 43, 48, 49, 50, 55, 66, 67, 68, 69, 70, 71, 72, 79, 82, 88, 90, 91, 92, 93, 96, 123, 125, 126, 137, 138, 151, 157, 158, 159, 160, 168, 169, 182, 183, 196, 199, 200, 201, 202, 218, 233, 236, 237, 245, 246, 259, 261, 262, 263, 264, 283, 284, 292, 293, 300, 313, 339, 364, 675, 711, 767, 833, 913, 987, 1157, 1249], "summary": {"covered_lines": 79, "num_statements": 84, "percent_covered": 94.04761904761905, "percent_covered_display": "94", "missing_lines": 5, "excluded_lines": 13, "percent_statements_covered": 94.04761904761905, "percent_statements_covered_display": "94"}, "missing_lines": [265, 278, 315, 323, 336], "excluded_lines": [52, 53, 350, 351, 353, 354, 355, 356, 357, 358, 359, 361, 363], "start_line": 1}}}, "src/pageindex_mcp/client/remote.py": {"executed_lines": [3, 5, 6, 7, 9, 17, 22, 25, 32, 36, 39, 51, 52, 53, 56, 57, 58, 59, 60, 63, 64, 65, 70, 71, 72, 73, 74, 80, 81, 88, 90, 92, 93, 94, 99, 119, 121, 123, 125, 126, 127, 128, 129, 130, 132, 133, 139, 140, 141, 142, 143, 144, 149, 150, 151, 152, 153, 154, 155, 158, 159, 162, 168, 170, 172, 173, 174, 175, 176, 177, 179, 180, 184, 185, 187, 188, 193, 194, 195], "summary": {"covered_lines": 79, "num_statements": 84, "percent_covered": 94.04761904761905, "percent_covered_display": "94", "missing_lines": 5, "excluded_lines": 0, "percent_statements_covered": 94.04761904761905, "percent_statements_covered_display": "94"}, "missing_lines": [91, 95, 96, 157, 186], "excluded_lines": [], "functions": {"_check_remote_docling_version": {"executed_lines": [51, 52, 53, 56, 57, 58, 59, 60, 63, 64, 65, 70, 71, 72, 73, 74, 80, 81], "summary": {"covered_lines": 18, "num_statements": 18, "percent_covered": 100.0, "percent_covered_display": "100", "missing_lines": 0, "excluded_lines": 0, "percent_statements_covered": 100.0, "percent_statements_covered_display": "100"}, "missing_lines": [], "excluded_lines": [], "start_line": 39}, "_converter_contract": {"executed_lines": [90, 92, 93, 94], "summary": {"covered_lines": 4, "num_statements": 7, "percent_covered": 57.142857142857146, "percent_covered_display": "57", "missing_lines": 3, "excluded_lines": 0, "percent_statements_covered": 57.142857142857146, "percent_statements_covered_display": "57"}, "missing_lines": [91, 95, 96], "excluded_lines": [], "start_line": 88}, "_remote_pdf_to_markdown": {"executed_lines": [119, 121, 123, 125, 126, 127, 128, 129, 130, 132, 133, 139, 140, 141, 142, 143, 144, 149, 150, 151, 152, 153, 154, 155, 158, 159], "summary": {"covered_lines": 26, "num_statements": 27, "percent_covered": 96.29629629629629, "percent_covered_display": "96", "missing_lines": 1, "excluded_lines": 0, "percent_statements_covered": 96.29629629629629, "percent_statements_covered_display": "96"}, "missing_lines": [157], "excluded_lines": [], "start_line": 99}, "_remote_image_to_markdown": {"executed_lines": [168, 170, 172, 173, 174, 175, 176, 177, 179, 180, 184, 185, 187, 188, 193, 194, 195], "summary": {"covered_lines": 17, "num_statements": 18, "percent_covered": 94.44444444444444, "percent_covered_display": "94", "missing_lines": 1, "excluded_lines": 0, "percent_statements_covered": 94.44444444444444, "percent_statements_covered_display": "94"}, "missing_lines": [186], "excluded_lines": [], "start_line": 162}, "": {"executed_lines": [3, 5, 6, 7, 9, 17, 22, 25, 32, 36, 39, 88, 99, 162], "summary": {"covered_lines": 14, "num_statements": 14, "percent_covered": 100.0, "percent_covered_display": "100", "missing_lines": 0, "excluded_lines": 0, "percent_statements_covered": 100.0, "percent_statements_covered_display": "100"}, "missing_lines": [], "excluded_lines": [], "start_line": 1}}, "classes": {"": {"executed_lines": [3, 5, 6, 7, 9, 17, 22, 25, 32, 36, 39, 51, 52, 53, 56, 57, 58, 59, 60, 63, 64, 65, 70, 71, 72, 73, 74, 80, 81, 88, 90, 92, 93, 94, 99, 119, 121, 123, 125, 126, 127, 128, 129, 130, 132, 133, 139, 140, 141, 142, 143, 144, 149, 150, 151, 152, 153, 154, 155, 158, 159, 162, 168, 170, 172, 173, 174, 175, 176, 177, 179, 180, 184, 185, 187, 188, 193, 194, 195], "summary": {"covered_lines": 79, "num_statements": 84, "percent_covered": 94.04761904761905, "percent_covered_display": "94", "missing_lines": 5, "excluded_lines": 0, "percent_statements_covered": 94.04761904761905, "percent_statements_covered_display": "94"}, "missing_lines": [91, 95, 96, 157, 186], "excluded_lines": [], "start_line": 1}}}, "src/pageindex_mcp/config.py": {"executed_lines": [3, 4, 5, 7, 9, 15, 16, 19, 26, 40, 41, 42, 43, 44, 45, 50, 59, 65, 66, 69, 70, 71, 72, 73, 74, 75, 76, 77, 78, 79, 80, 81, 85, 87, 88, 90, 91, 92, 95, 96, 97, 98, 99, 101, 108, 109, 110, 114, 118, 121, 122, 123, 126, 129, 130, 131, 132, 133, 134, 135, 139, 140, 144, 149, 156, 161, 163, 164, 165, 177, 184, 192, 201, 203, 204, 205, 206, 209, 223, 224, 225, 226, 232, 248, 249, 250, 252, 253, 254, 259, 261, 263, 264, 266, 267, 268, 271, 272, 357, 364, 365, 376, 377, 390, 391, 392, 393, 394, 395, 396, 397, 398, 399, 400, 401, 402, 403, 404, 405, 406, 407, 408, 409, 410, 411, 412, 413, 414, 415, 416, 417, 418, 419, 422, 429, 433, 436, 439, 440, 441, 444, 445, 446, 447, 448, 449, 450, 451, 452, 453, 454, 460, 466, 467, 468, 469, 470, 471, 472, 475, 476, 477, 478, 479, 480, 481, 482, 483, 484, 485, 487, 488, 490, 491, 492, 625, 627, 628, 632, 633, 634, 635, 636, 637, 638, 639, 642, 650, 658, 664, 670, 688, 692, 693, 694, 695, 696, 697, 698, 699, 700, 701, 708, 709, 710, 711, 712, 713, 714, 717, 728, 775, 776], "summary": {"covered_lines": 213, "num_statements": 214, "percent_covered": 99.53271028037383, "percent_covered_display": "99", "missing_lines": 1, "excluded_lines": 0, "percent_statements_covered": 99.53271028037383, "percent_statements_covered_display": "99"}, "missing_lines": [51], "excluded_lines": [], "functions": {"_normalize_route_prefix": {"executed_lines": [65, 66], "summary": {"covered_lines": 2, "num_statements": 2, "percent_covered": 100.0, "percent_covered_display": "100", "missing_lines": 0, "excluded_lines": 0, "percent_statements_covered": 100.0, "percent_statements_covered_display": "100"}, "missing_lines": [], "excluded_lines": [], "start_line": 59}, "_is_zdr_allowlisted": {"executed_lines": [203, 204, 205, 206], "summary": {"covered_lines": 4, "num_statements": 4, "percent_covered": 100.0, "percent_covered_display": "100", "missing_lines": 0, "excluded_lines": 0, "percent_statements_covered": 100.0, "percent_statements_covered_display": "100"}, "missing_lines": [], "excluded_lines": [], "start_line": 201}, "require_zdr_compliance": {"executed_lines": [223, 224, 225, 226], "summary": {"covered_lines": 4, "num_statements": 4, "percent_covered": 100.0, "percent_covered_display": "100", "missing_lines": 0, "excluded_lines": 0, "percent_statements_covered": 100.0, "percent_statements_covered_display": "100"}, "missing_lines": [], "excluded_lines": [], "start_line": 209}, "validate_hr3_compliance": {"executed_lines": [248, 249, 250, 252, 259, 261, 263, 264, 266, 267, 268], "summary": {"covered_lines": 11, "num_statements": 11, "percent_covered": 100.0, "percent_covered_display": "100", "missing_lines": 0, "excluded_lines": 0, "percent_statements_covered": 100.0, "percent_statements_covered_display": "100"}, "missing_lines": [], "excluded_lines": [], "start_line": 232}, "validate_hr3_compliance._check": {"executed_lines": [253, 254], "summary": {"covered_lines": 2, "num_statements": 2, "percent_covered": 100.0, "percent_covered_display": "100", "missing_lines": 0, "excluded_lines": 0, "percent_statements_covered": 100.0, "percent_statements_covered_display": "100"}, "missing_lines": [], "excluded_lines": [], "start_line": 252}, "_load_settings": {"executed_lines": [272], "summary": {"covered_lines": 1, "num_statements": 1, "percent_covered": 100.0, "percent_covered_display": "100", "missing_lines": 0, "excluded_lines": 0, "percent_statements_covered": 100.0, "percent_statements_covered_display": "100"}, "missing_lines": [], "excluded_lines": [], "start_line": 271}, "_envbool": {"executed_lines": [365], "summary": {"covered_lines": 1, "num_statements": 1, "percent_covered": 100.0, "percent_covered_display": "100", "missing_lines": 0, "excluded_lines": 0, "percent_statements_covered": 100.0, "percent_statements_covered_display": "100"}, "missing_lines": [], "excluded_lines": [], "start_line": 364}, "PipelineConfig.from_env": {"executed_lines": [490, 491, 492], "summary": {"covered_lines": 3, "num_statements": 3, "percent_covered": 100.0, "percent_covered_display": "100", "missing_lines": 0, "excluded_lines": 0, "percent_statements_covered": 100.0, "percent_statements_covered_display": "100"}, "missing_lines": [], "excluded_lines": [], "start_line": 488}, "reset_pipeline_config": {"executed_lines": [688, 692, 693, 694, 695, 696, 697, 698, 699, 700, 701, 708, 709, 710, 711, 712, 713, 714], "summary": {"covered_lines": 18, "num_statements": 18, "percent_covered": 100.0, "percent_covered_display": "100", "missing_lines": 0, "excluded_lines": 0, "percent_statements_covered": 100.0, "percent_statements_covered_display": "100"}, "missing_lines": [], "excluded_lines": [], "start_line": 670}, "effective_config_snapshot": {"executed_lines": [728, 775, 776], "summary": {"covered_lines": 3, "num_statements": 3, "percent_covered": 100.0, "percent_covered_display": "100", "missing_lines": 0, "excluded_lines": 0, "percent_statements_covered": 100.0, "percent_statements_covered_display": "100"}, "missing_lines": [], "excluded_lines": [], "start_line": 717}, "": {"executed_lines": [3, 4, 5, 7, 9, 15, 16, 19, 26, 40, 41, 42, 43, 44, 45, 50, 59, 69, 70, 71, 72, 73, 74, 75, 76, 77, 78, 79, 80, 81, 85, 87, 88, 90, 91, 92, 95, 96, 97, 98, 99, 101, 108, 109, 110, 114, 118, 121, 122, 123, 126, 129, 130, 131, 132, 133, 134, 135, 139, 140, 144, 149, 156, 161, 163, 164, 165, 177, 184, 192, 201, 209, 232, 271, 357, 364, 376, 377, 390, 391, 392, 393, 394, 395, 396, 397, 398, 399, 400, 401, 402, 403, 404, 405, 406, 407, 408, 409, 410, 411, 412, 413, 414, 415, 416, 417, 418, 419, 422, 429, 433, 436, 439, 440, 441, 444, 445, 446, 447, 448, 449, 450, 451, 452, 453, 454, 460, 466, 467, 468, 469, 470, 471, 472, 475, 476, 477, 478, 479, 480, 481, 482, 483, 484, 485, 487, 488, 625, 627, 628, 632, 633, 634, 635, 636, 637, 638, 639, 642, 650, 658, 664, 670, 717], "summary": {"covered_lines": 164, "num_statements": 165, "percent_covered": 99.39393939393939, "percent_covered_display": "99", "missing_lines": 1, "excluded_lines": 0, "percent_statements_covered": 99.39393939393939, "percent_statements_covered_display": "99"}, "missing_lines": [51], "excluded_lines": [], "start_line": 1}}, "classes": {"Settings": {"executed_lines": [], "summary": {"covered_lines": 0, "num_statements": 0, "percent_covered": 100.0, "percent_covered_display": "100", "missing_lines": 0, "excluded_lines": 0, "percent_statements_covered": 100.0, "percent_statements_covered_display": "100"}, "missing_lines": [], "excluded_lines": [], "start_line": 70}, "ZDRComplianceError": {"executed_lines": [], "summary": {"covered_lines": 0, "num_statements": 0, "percent_covered": 100.0, "percent_covered_display": "100", "missing_lines": 0, "excluded_lines": 0, "percent_statements_covered": 100.0, "percent_statements_covered_display": "100"}, "missing_lines": [], "excluded_lines": [], "start_line": 184}, "RemoteVersionSkewError": {"executed_lines": [], "summary": {"covered_lines": 0, "num_statements": 0, "percent_covered": 100.0, "percent_covered_display": "100", "missing_lines": 0, "excluded_lines": 0, "percent_statements_covered": 100.0, "percent_statements_covered_display": "100"}, "missing_lines": [], "excluded_lines": [], "start_line": 192}, "PipelineConfig": {"executed_lines": [490, 491, 492], "summary": {"covered_lines": 3, "num_statements": 3, "percent_covered": 100.0, "percent_covered_display": "100", "missing_lines": 0, "excluded_lines": 0, "percent_statements_covered": 100.0, "percent_statements_covered_display": "100"}, "missing_lines": [], "excluded_lines": [], "start_line": 377}, "": {"executed_lines": [3, 4, 5, 7, 9, 15, 16, 19, 26, 40, 41, 42, 43, 44, 45, 50, 59, 65, 66, 69, 70, 71, 72, 73, 74, 75, 76, 77, 78, 79, 80, 81, 85, 87, 88, 90, 91, 92, 95, 96, 97, 98, 99, 101, 108, 109, 110, 114, 118, 121, 122, 123, 126, 129, 130, 131, 132, 133, 134, 135, 139, 140, 144, 149, 156, 161, 163, 164, 165, 177, 184, 192, 201, 203, 204, 205, 206, 209, 223, 224, 225, 226, 232, 248, 249, 250, 252, 253, 254, 259, 261, 263, 264, 266, 267, 268, 271, 272, 357, 364, 365, 376, 377, 390, 391, 392, 393, 394, 395, 396, 397, 398, 399, 400, 401, 402, 403, 404, 405, 406, 407, 408, 409, 410, 411, 412, 413, 414, 415, 416, 417, 418, 419, 422, 429, 433, 436, 439, 440, 441, 444, 445, 446, 447, 448, 449, 450, 451, 452, 453, 454, 460, 466, 467, 468, 469, 470, 471, 472, 475, 476, 477, 478, 479, 480, 481, 482, 483, 484, 485, 487, 488, 625, 627, 628, 632, 633, 634, 635, 636, 637, 638, 639, 642, 650, 658, 664, 670, 688, 692, 693, 694, 695, 696, 697, 698, 699, 700, 701, 708, 709, 710, 711, 712, 713, 714, 717, 728, 775, 776], "summary": {"covered_lines": 210, "num_statements": 211, "percent_covered": 99.5260663507109, "percent_covered_display": "99", "missing_lines": 1, "excluded_lines": 0, "percent_statements_covered": 99.5260663507109, "percent_statements_covered_display": "99"}, "missing_lines": [51], "excluded_lines": [], "start_line": 1}}}, "src/pageindex_mcp/converters/__init__.py": {"executed_lines": [3, 5, 8, 9, 10, 11, 20, 21, 24, 43, 51, 66, 101, 110, 118, 158, 170, 172], "summary": {"covered_lines": 18, "num_statements": 18, "percent_covered": 100.0, "percent_covered_display": "100", "missing_lines": 0, "excluded_lines": 0, "percent_statements_covered": 100.0, "percent_statements_covered_display": "100"}, "missing_lines": [], "excluded_lines": [], "functions": {"": {"executed_lines": [3, 5, 8, 9, 10, 11, 20, 21, 24, 43, 51, 66, 101, 110, 118, 158, 170, 172], "summary": {"covered_lines": 18, "num_statements": 18, "percent_covered": 100.0, "percent_covered_display": "100", "missing_lines": 0, "excluded_lines": 0, "percent_statements_covered": 100.0, "percent_statements_covered_display": "100"}, "missing_lines": [], "excluded_lines": [], "start_line": 1}}, "classes": {"": {"executed_lines": [3, 5, 8, 9, 10, 11, 20, 21, 24, 43, 51, 66, 101, 110, 118, 158, 170, 172], "summary": {"covered_lines": 18, "num_statements": 18, "percent_covered": 100.0, "percent_covered_display": "100", "missing_lines": 0, "excluded_lines": 0, "percent_statements_covered": 100.0, "percent_statements_covered_display": "100"}, "missing_lines": [], "excluded_lines": [], "start_line": 1}}}, "src/pageindex_mcp/converters/docling_conv.py": {"executed_lines": [6, 8, 9, 10, 11, 12, 13, 14, 15, 16, 17, 18, 19, 24, 25, 26, 28, 35, 39, 46, 67, 68, 75, 78, 81, 84, 85, 89, 90, 91, 92, 93, 95, 103, 109, 110, 115, 116, 118, 135, 138, 158, 159, 161, 170, 171, 172, 176, 177, 180, 181, 182, 189, 193, 197, 201, 320, 325, 328, 335, 342, 343, 345, 351, 353, 355, 356, 357, 358, 359, 361, 362, 363, 369, 370, 373, 381, 403, 405, 406, 407, 408, 410, 411, 415, 416, 417, 424, 425, 426, 427, 429, 437, 470, 473, 474, 475, 476, 477, 478, 480, 481, 483, 484, 485, 488, 489, 491, 496, 500, 501, 502, 505, 506, 510, 511, 512, 513, 514, 515, 516, 517, 518, 522, 523, 524, 525, 526, 527, 529, 530, 531, 532, 535, 536, 537, 538, 540, 541, 549, 557, 592, 659], "summary": {"covered_lines": 143, "num_statements": 290, "percent_covered": 49.310344827586206, "percent_covered_display": "49", "missing_lines": 147, "excluded_lines": 2, "percent_statements_covered": 49.310344827586206, "percent_statements_covered_display": "49"}, "missing_lines": [86, 87, 117, 223, 224, 226, 227, 228, 233, 235, 236, 237, 241, 242, 244, 247, 248, 249, 250, 252, 253, 254, 255, 256, 257, 258, 259, 260, 261, 262, 263, 264, 266, 271, 272, 273, 274, 275, 276, 277, 279, 280, 282, 283, 284, 285, 286, 288, 290, 291, 292, 293, 299, 300, 302, 304, 305, 306, 346, 347, 348, 354, 428, 471, 492, 493, 571, 573, 574, 585, 586, 587, 588, 589, 608, 609, 610, 615, 622, 623, 624, 625, 626, 627, 628, 629, 630, 634, 635, 636, 637, 638, 639, 640, 641, 642, 643, 644, 645, 646, 649, 650, 651, 652, 653, 654, 655, 656, 682, 684, 685, 689, 691, 692, 699, 700, 701, 702, 703, 704, 705, 709, 710, 711, 712, 713, 714, 715, 717, 718, 719, 726, 732, 739, 740, 741, 743, 744, 746, 747, 748, 749, 753, 754, 755, 757, 760], "excluded_lines": [21, 22], "functions": {"_build_pdf_pipeline_options": {"executed_lines": [67, 68, 75, 78, 81, 84, 85, 89, 90, 91, 92, 93, 95, 103, 109, 110, 115, 116, 118], "summary": {"covered_lines": 19, "num_statements": 22, "percent_covered": 86.36363636363636, "percent_covered_display": "86", "missing_lines": 3, "excluded_lines": 0, "percent_statements_covered": 86.36363636363636, "percent_statements_covered_display": "86"}, "missing_lines": [86, 87, 117], "excluded_lines": [], "start_line": 46}, "_docling_converter": {"executed_lines": [158, 159, 161, 170, 171, 172, 176, 177, 180, 181, 182], "summary": {"covered_lines": 11, "num_statements": 11, "percent_covered": 100.0, "percent_covered_display": "100", "missing_lines": 0, "excluded_lines": 0, "percent_statements_covered": 100.0, "percent_statements_covered_display": "100"}, "missing_lines": [], "excluded_lines": [], "start_line": 138}, "_patch_hierarchical_infer": {"executed_lines": [], "summary": {"covered_lines": 0, "num_statements": 15, "percent_covered": 0.0, "percent_covered_display": "0", "missing_lines": 15, "excluded_lines": 0, "percent_statements_covered": 0.0, "percent_statements_covered_display": "0"}, "missing_lines": [223, 224, 226, 227, 228, 233, 235, 236, 237, 241, 242, 244, 304, 305, 306], "excluded_lines": [], "start_line": 201}, "_patch_hierarchical_infer._patched_infer": {"executed_lines": [], "summary": {"covered_lines": 0, "num_statements": 40, "percent_covered": 0.0, "percent_covered_display": "0", "missing_lines": 40, "excluded_lines": 0, "percent_statements_covered": 0.0, "percent_statements_covered_display": "0"}, "missing_lines": [247, 248, 249, 250, 252, 253, 254, 255, 256, 257, 258, 259, 260, 261, 262, 263, 264, 266, 271, 272, 273, 274, 275, 276, 277, 279, 280, 282, 283, 284, 285, 286, 288, 290, 291, 292, 293, 299, 300, 302], "excluded_lines": [], "start_line": 244}, "chunked_docling_timeout_s": {"executed_lines": [335], "summary": {"covered_lines": 1, "num_statements": 1, "percent_covered": 100.0, "percent_covered_display": "100", "missing_lines": 0, "excluded_lines": 0, "percent_statements_covered": 100.0, "percent_statements_covered_display": "100"}, "missing_lines": [], "excluded_lines": [], "start_line": 328}, "_run_pdf_inspector": {"executed_lines": [353, 355, 356, 357, 358, 359, 361, 362, 363, 369, 370, 373], "summary": {"covered_lines": 12, "num_statements": 13, "percent_covered": 92.3076923076923, "percent_covered_display": "92", "missing_lines": 1, "excluded_lines": 0, "percent_statements_covered": 92.3076923076923, "percent_statements_covered_display": "92"}, "missing_lines": [354], "excluded_lines": [], "start_line": 351}, "probe_conversion_route": {"executed_lines": [403, 405, 406, 407, 408, 410, 411, 415, 416, 417, 424, 425, 426, 427, 429], "summary": {"covered_lines": 15, "num_statements": 16, "percent_covered": 93.75, "percent_covered_display": "94", "missing_lines": 1, "excluded_lines": 0, "percent_statements_covered": 93.75, "percent_statements_covered_display": "94"}, "missing_lines": [428], "excluded_lines": [], "start_line": 381}, "_repair_docling_tables": {"executed_lines": [470, 473, 474, 475, 476, 477, 478, 480, 481, 483, 484, 485, 488, 489, 491, 496, 500, 501, 502, 505, 506, 510, 511, 512, 513, 514, 515, 516, 517, 518, 522, 523, 524, 525, 526, 527, 529, 530, 531, 532, 535, 536, 537, 538, 540, 541, 549], "summary": {"covered_lines": 47, "num_statements": 50, "percent_covered": 94.0, "percent_covered_display": "94", "missing_lines": 3, "excluded_lines": 0, "percent_statements_covered": 94.0, "percent_statements_covered_display": "94"}, "missing_lines": [471, 492, 493], "excluded_lines": [], "start_line": 437}, "_docling_chunk_worker": {"executed_lines": [], "summary": {"covered_lines": 0, "num_statements": 8, "percent_covered": 0.0, "percent_covered_display": "0", "missing_lines": 8, "excluded_lines": 0, "percent_statements_covered": 0.0, "percent_statements_covered_display": "0"}, "missing_lines": [571, 573, 574, 585, 586, 587, 588, 589], "excluded_lines": [], "start_line": 557}, "_run_docling_chunk_with_timeout": {"executed_lines": [], "summary": {"covered_lines": 0, "num_statements": 34, "percent_covered": 0.0, "percent_covered_display": "0", "missing_lines": 34, "excluded_lines": 0, "percent_statements_covered": 0.0, "percent_statements_covered_display": "0"}, "missing_lines": [608, 609, 610, 615, 622, 623, 624, 625, 626, 627, 628, 629, 630, 634, 635, 636, 637, 638, 639, 640, 641, 642, 643, 644, 645, 646, 649, 650, 651, 652, 653, 654, 655, 656], "excluded_lines": [], "start_line": 592}, "_pdf_to_markdown_docling_chunked": {"executed_lines": [], "summary": {"covered_lines": 0, "num_statements": 39, "percent_covered": 0.0, "percent_covered_display": "0", "missing_lines": 39, "excluded_lines": 0, "percent_statements_covered": 0.0, "percent_statements_covered_display": "0"}, "missing_lines": [682, 684, 685, 689, 691, 692, 699, 700, 701, 702, 703, 704, 705, 709, 710, 711, 712, 713, 714, 715, 717, 718, 719, 726, 732, 739, 740, 741, 743, 744, 746, 747, 748, 749, 753, 754, 755, 757, 760], "excluded_lines": [], "start_line": 659}, "": {"executed_lines": [6, 8, 9, 10, 11, 12, 13, 14, 15, 16, 17, 18, 19, 24, 25, 26, 28, 35, 39, 46, 135, 138, 189, 193, 197, 201, 320, 325, 328, 342, 343, 345, 351, 381, 437, 557, 592, 659], "summary": {"covered_lines": 38, "num_statements": 41, "percent_covered": 92.6829268292683, "percent_covered_display": "93", "missing_lines": 3, "excluded_lines": 2, "percent_statements_covered": 92.6829268292683, "percent_statements_covered_display": "93"}, "missing_lines": [346, 347, 348], "excluded_lines": [21, 22], "start_line": 1}}, "classes": {"": {"executed_lines": [6, 8, 9, 10, 11, 12, 13, 14, 15, 16, 17, 18, 19, 24, 25, 26, 28, 35, 39, 46, 67, 68, 75, 78, 81, 84, 85, 89, 90, 91, 92, 93, 95, 103, 109, 110, 115, 116, 118, 135, 138, 158, 159, 161, 170, 171, 172, 176, 177, 180, 181, 182, 189, 193, 197, 201, 320, 325, 328, 335, 342, 343, 345, 351, 353, 355, 356, 357, 358, 359, 361, 362, 363, 369, 370, 373, 381, 403, 405, 406, 407, 408, 410, 411, 415, 416, 417, 424, 425, 426, 427, 429, 437, 470, 473, 474, 475, 476, 477, 478, 480, 481, 483, 484, 485, 488, 489, 491, 496, 500, 501, 502, 505, 506, 510, 511, 512, 513, 514, 515, 516, 517, 518, 522, 523, 524, 525, 526, 527, 529, 530, 531, 532, 535, 536, 537, 538, 540, 541, 549, 557, 592, 659], "summary": {"covered_lines": 143, "num_statements": 290, "percent_covered": 49.310344827586206, "percent_covered_display": "49", "missing_lines": 147, "excluded_lines": 2, "percent_statements_covered": 49.310344827586206, "percent_
[...]
[47], "excluded_lines": [], "start_line": 35}, "startup": {"executed_lines": [56, 62, 66, 68, 69, 74, 78, 79, 81, 82, 83, 84], "summary": {"covered_lines": 12, "num_statements": 20, "percent_covered": 60.0, "percent_covered_display": "60", "missing_lines": 8, "excluded_lines": 0, "percent_statements_covered": 60.0, "percent_statements_covered_display": "60"}, "missing_lines": [70, 71, 72, 86, 88, 89, 90, 91], "excluded_lines": [], "start_line": 53}, "shutdown": {"executed_lines": [95, 96, 98], "summary": {"covered_lines": 3, "num_statements": 6, "percent_covered": 50.0, "percent_covered_display": "50", "missing_lines": 3, "excluded_lines": 0, "percent_statements_covered": 50.0, "percent_statements_covered_display": "50"}, "missing_lines": [97, 99, 101], "excluded_lines": [], "start_line": 94}, "_reconcile_registry_drift_cron": {"executed_lines": [], "summary": {"covered_lines": 0, "num_statements": 2, "percent_covered": 0.0, "percent_covered_display": "0", "missing_lines": 2, "excluded_lines": 0, "percent_statements_covered": 0.0, "percent_statements_covered_display": "0"}, "missing_lines": [113, 115], "excluded_lines": [], "start_line": 104}, "": {"executed_lines": [1, 3, 4, 5, 7, 8, 9, 11, 12, 13, 14, 16, 31, 32, 35, 50, 53, 94, 104, 129, 130, 132, 133, 134, 135, 136, 144, 149, 152, 153, 154, 155, 156, 157, 162], "summary": {"covered_lines": 35, "num_statements": 39, "percent_covered": 89.74358974358974, "percent_covered_display": "90", "missing_lines": 4, "excluded_lines": 0, "percent_statements_covered": 89.74358974358974, "percent_statements_covered_display": "90"}, "missing_lines": [138, 139, 140, 141], "excluded_lines": [], "start_line": 1}}, "classes": {"WorkerSettings": {"executed_lines": [], "summary": {"covered_lines": 0, "num_statements": 0, "percent_covered": 100.0, "percent_covered_display": "100", "missing_lines": 0, "excluded_lines": 0, "percent_statements_covered": 100.0, "percent_statements_covered_display": "100"}, "missing_lines": [], "excluded_lines": [], "start_line": 144}, "": {"executed_lines": [1, 3, 4, 5, 7, 8, 9, 11, 12, 13, 14, 16, 31, 32, 35, 43, 44, 45, 46, 50, 53, 56, 62, 66, 68, 69, 74, 78, 79, 81, 82, 83, 84, 94, 95, 96, 98, 104, 129, 130, 132, 133, 134, 135, 136, 144, 149, 152, 153, 154, 155, 156, 157, 162], "summary": {"covered_lines": 54, "num_statements": 72, "percent_covered": 75.0, "percent_covered_display": "75", "missing_lines": 18, "excluded_lines": 0, "percent_statements_covered": 75.0, "percent_statements_covered_display": "75"}, "missing_lines": [47, 70, 71, 72, 86, 88, 89, 90, 91, 97, 99, 101, 113, 115, 138, 139, 140, 141], "excluded_lines": [], "start_line": 1}}}, "src/pageindex_mcp/worker/registry_mirror.py": {"executed_lines": [10, 12, 13, 14, 15, 17, 18, 19, 20, 28, 30, 35, 36, 43, 48, 49, 52, 53, 56, 79, 80, 81, 82, 83, 84, 88, 89, 90, 91, 103, 108, 111, 136, 176, 177, 183, 184, 187, 188, 190, 191, 195, 198, 201, 202, 203, 204, 205, 207, 208, 214, 215, 217, 218, 220, 221, 222, 225, 228, 231, 232, 233, 236, 237, 238, 239, 241, 244, 245, 246, 247, 250, 251, 255, 258, 259, 262, 264, 268, 269, 275, 276, 282, 285, 286, 289, 295, 296, 297, 300, 301, 302, 303, 309, 313, 314, 315, 318, 326, 327, 328, 329, 330, 333, 338, 339, 340, 341, 342, 345, 347, 348, 349, 350, 351, 354, 355, 356, 358, 359], "summary": {"covered_lines": 120, "num_statements": 136, "percent_covered": 88.23529411764706, "percent_covered_display": "88", "missing_lines": 16, "excluded_lines": 0, "percent_statements_covered": 88.23529411764706, "percent_statements_covered_display": "88"}, "missing_lines": [92, 101, 102, 106, 107, 117, 118, 120, 121, 122, 123, 128, 129, 192, 254, 357], "excluded_lines": [], "functions": {"_verdict_priority": {"executed_lines": [53], "summary": {"covered_lines": 1, "num_statements": 1, "percent_covered": 100.0, "percent_covered_display": "100", "missing_lines": 0, "excluded_lines": 0, "percent_statements_covered": 100.0, "percent_statements_covered_display": "100"}, "missing_lines": [], "excluded_lines": [], "start_line": 52}, "_cas_filter_sidecar_meta": {"executed_lines": [79, 80, 81, 82, 83, 84, 88, 89, 90, 91, 103, 108], "summary": {"covered_lines": 12, "num_statements": 17, "percent_covered": 70.58823529411765, "percent_covered_display": "71", "missing_lines": 5, "excluded_lines": 0, "percent_statements_covered": 70.58823529411765, "percent_statements_covered_display": "71"}, "missing_lines": [92, 101, 102, 106, 107], "excluded_lines": [], "start_line": 56}, "_enqueue_verdict_retry": {"executed_lines": [], "summary": {"covered_lines": 0, "num_statements": 8, "percent_covered": 0.0, "percent_covered_display": "0", "missing_lines": 8, "excluded_lines": 0, "percent_statements_covered": 0.0, "percent_statements_covered_display": "0"}, "missing_lines": [117, 118, 120, 121, 122, 123, 128, 129], "excluded_lines": [], "start_line": 111}, "_upsert_registry_row": {"executed_lines": [176, 177, 183, 184, 187, 188, 190, 191, 195, 198, 201, 202, 203, 204, 205, 207, 208, 214, 215, 217, 218, 220, 221, 222, 225, 228, 231, 232, 233, 236, 237, 238, 239, 241, 244, 245, 246, 247, 250, 251, 255, 258, 259, 262, 264, 268, 269, 275, 276, 282, 285, 286, 289, 295, 296, 297, 300, 301, 302, 303, 309, 313, 314, 315], "summary": {"covered_lines": 64, "num_statements": 66, "percent_covered": 96.96969696969697, "percent_covered_display": "97", "missing_lines": 2, "excluded_lines": 0, "percent_statements_covered": 96.96969696969697, "percent_statements_covered_display": "97"}, "missing_lines": [192, 254], "excluded_lines": [], "start_line": 136}, "_mirror_registry_metric_to_redis": {"executed_lines": [326, 327, 328, 329, 330], "summary": {"covered_lines": 5, "num_statements": 5, "percent_covered": 100.0, "percent_covered_display": "100", "missing_lines": 0, "excluded_lines": 0, "percent_statements_covered": 100.0, "percent_statements_covered_display": "100"}, "missing_lines": [], "excluded_lines": [], "start_line": 318}, "_mirror_bridged_incr": {"executed_lines": [338, 339, 340, 341, 342], "summary": {"covered_lines": 5, "num_statements": 5, "percent_covered": 100.0, "percent_covered_display": "100", "missing_lines": 0, "excluded_lines": 0, "percent_statements_covered": 100.0, "percent_statements_covered_display": "100"}, "missing_lines": [], "excluded_lines": [], "start_line": 333}, "_mirror_bridged_set": {"executed_lines": [347, 348, 349, 350, 351], "summary": {"covered_lines": 5, "num_statements": 5, "percent_covered": 100.0, "percent_covered_display": "100", "missing_lines": 0, "excluded_lines": 0, "percent_statements_covered": 100.0, "percent_statements_covered_display": "100"}, "missing_lines": [], "excluded_lines": [], "start_line": 345}, "_mirror_registry_write_failure_to_redis": {"executed_lines": [355, 356, 358, 359], "summary": {"covered_lines": 4, "num_statements": 5, "percent_covered": 80.0, "percent_covered_display": "80", "missing_lines": 1, "excluded_lines": 0, "percent_statements_covered": 80.0, "percent_statements_covered_display": "80"}, "missing_lines": [357], "excluded_lines": [], "start_line": 354}, "": {"executed_lines": [10, 12, 13, 14, 15, 17, 18, 19, 20, 28, 30, 35, 36, 43, 48, 49, 52, 56, 111, 136, 318, 333, 345, 354], "summary": {"covered_lines": 24, "num_statements": 24, "percent_covered": 100.0, "percent_covered_display": "100", "missing_lines": 0, "excluded_lines": 0, "percent_statements_covered": 100.0, "percent_statements_covered_display": "100"}, "missing_lines": [], "excluded_lines": [], "start_line": 1}}, "classes": {"": {"executed_lines": [10, 12, 13, 14, 15, 17, 18, 19, 20, 28, 30, 35, 36, 43, 48, 49, 52, 53, 56, 79, 80, 81, 82, 83, 84, 88, 89, 90, 91, 103, 108, 111, 136, 176, 177, 183, 184, 187, 188, 190, 191, 195, 198, 201, 202, 203, 204, 205, 207, 208, 214, 215, 217, 218, 220, 221, 222, 225, 228, 231, 232, 233, 236, 237, 238, 239, 241, 244, 245, 246, 247, 250, 251, 255, 258, 259, 262, 264, 268, 269, 275, 276, 282, 285, 286, 289, 295, 296, 297, 300, 301, 302, 303, 309, 313, 314, 315, 318, 326, 327, 328, 329, 330, 333, 338, 339, 340, 341, 342, 345, 347, 348, 349, 350, 351, 354, 355, 356, 358, 359], "summary": {"covered_lines": 120, "num_statements": 136, "percent_covered": 88.23529411764706, "percent_covered_display": "88", "missing_lines": 16, "excluded_lines": 0, "percent_statements_covered": 88.23529411764706, "percent_statements_covered_display": "88"}, "missing_lines": [92, 101, 102, 106, 107, 117, 118, 120, 121, 122, 123, 128, 129, 192, 254, 357], "excluded_lines": [], "start_line": 1}}}, "src/pageindex_mcp/worker/subprocess_mgr.py": {"executed_lines": [1, 3, 4, 5, 6, 7, 8, 9, 10, 11, 12, 14, 15, 16, 17, 18, 22, 23, 27, 29, 32, 37, 41, 44, 60, 62, 63, 65, 66, 67, 68, 69, 71, 72, 75, 103, 104, 105, 106, 107, 108, 109, 110, 111, 112, 113, 116, 128, 129, 130, 131, 134, 137, 150, 151, 152, 153, 154, 155, 156, 157, 158, 159, 160, 161, 164, 172, 182, 183, 184, 185, 186, 187, 188, 194, 197, 198, 199, 200, 204, 207, 211, 218, 219, 220, 221, 222, 225, 226, 227, 228, 231, 232, 233, 234, 237, 238, 243, 272, 278, 279, 280, 281, 285, 292, 293, 294, 295, 308, 316, 317, 319, 320, 321, 322, 323, 324, 334, 335, 336, 337, 338, 339, 340, 341, 342, 343, 344, 345, 346, 347, 350, 351, 352, 359, 364, 365, 366, 376, 381, 382, 383, 388, 389, 398, 399, 401, 402, 403, 412, 413, 433, 435, 437, 438, 439, 441, 442, 443, 444, 445, 451, 452, 453, 454, 456, 458, 463, 464, 470, 471, 472, 473, 474, 475, 476, 480, 487], "summary": {"covered_lines": 178, "num_statements": 211, "percent_covered": 84.36018957345972, "percent_covered_display": "84", "missing_lines": 33, "excluded_lines": 0, "percent_statements_covered": 84.36018957345972, "percent_statements_covered_display": "84"}, "missing_lines": [167, 168, 169, 223, 224, 235, 236, 239, 240, 325, 326, 330, 331, 332, 348, 349, 367, 418, 426, 430, 431, 432, 440, 446, 447, 459, 460, 477, 478, 481, 483, 485, 486], "excluded_lines": [], "functions": {"_StderrTail.__init__": {"executed_lines": [63], "summary": {"covered_lines": 1, "num_statements": 1, "percent_covered": 100.0, "percent_covered_display": "100", "missing_lines": 0, "excluded_lines": 0, "percent_statements_covered": 100.0, "percent_statements_covered_display": "100"}, "missing_lines": [], "excluded_lines": [], "start_line": 62}, "_StderrTail.append": {"executed_lines": [66, 67, 68, 69], "summary": {"covered_lines": 4, "num_statements": 4, "percent_covered": 100.0, "percent_covered_display": "100", "missing_lines": 0, "excluded_lines": 0, "percent_statements_covered": 100.0, "percent_statements_covered_display": "100"}, "missing_lines": [], "excluded_lines": [], "start_line": 65}, "_StderrTail.text": {"executed_lines": [72], "summary": {"covered_lines": 1, "num_statements": 1, "percent_covered": 100.0, "percent_covered_display": "100", "missing_lines": 0, "excluded_lines": 0, "percent_statements_covered": 100.0, "percent_statements_covered_display": "100"}, "missing_lines": [], "excluded_lines": [], "start_line": 71}, "_forward_child_stderr": {"executed_lines": [103, 104, 105, 106, 107, 108, 109, 110, 111, 112, 113], "summary": {"covered_lines": 11, "num_statements": 11, "percent_covered": 100.0, "percent_covered_display": "100", "missing_lines": 0, "excluded_lines": 0, "percent_statements_covered": 100.0, "percent_statements_covered_display": "100"}, "missing_lines": [], "excluded_lines": [], "start_line": 75}, "_write_through": {"executed_lines": [128, 129, 130, 131], "summary": {"covered_lines": 4, "num_statements": 4, "percent_covered": 100.0, "percent_covered_display": "100", "missing_lines": 0, "excluded_lines": 0, "percent_statements_covered": 100.0, "percent_statements_covered_display": "100"}, "missing_lines": [], "excluded_lines": [], "start_line": 116}, "_read_line": {"executed_lines": [150, 151, 152, 153, 154, 155, 156, 157, 158, 159, 160, 161], "summary": {"covered_lines": 12, "num_statements": 12, "percent_covered": 100.0, "percent_covered_display": "100", "missing_lines": 0, "excluded_lines": 0, "percent_statements_covered": 100.0, "percent_statements_covered_display": "100"}, "missing_lines": [], "excluded_lines": [], "start_line": 137}, "_cancel": {"executed_lines": [], "summary": {"covered_lines": 0, "num_statements": 3, "percent_covered": 0.0, "percent_covered_display": "0", "missing_lines": 3, "excluded_lines": 0, "percent_statements_covered": 0.0, "percent_statements_covered_display": "0"}, "missing_lines": [167, 168, 169], "excluded_lines": [], "start_line": 164}, "_drain_remaining_stdout": {"executed_lines": [182, 183, 184, 185, 186, 187, 188], "summary": {"covered_lines": 7, "num_statements": 7, "percent_covered": 100.0, "percent_covered_display": "100", "missing_lines": 0, "excluded_lines": 0, "percent_statements_covered": 100.0, "percent_statements_covered_display": "100"}, "missing_lines": [], "excluded_lines": [], "start_line": 172}, "ConverterChildError.__init__": {"executed_lines": [198, 199, 200, 204], "summary": {"covered_lines": 4, "num_statements": 4, "percent_covered": 100.0, "percent_covered_display": "100", "missing_lines": 0, "excluded_lines": 0, "percent_statements_covered": 100.0, "percent_statements_covered_display": "100"}, "missing_lines": [], "excluded_lines": [], "start_line": 197}, "_kill_group": {"executed_lines": [218, 219, 220, 221, 222, 225, 226, 227, 228, 231, 232, 233, 234, 237, 238], "summary": {"covered_lines": 15, "num_statements": 21, "percent_covered": 71.42857142857143, "percent_covered_display": "71", "missing_lines": 6, "excluded_lines": 0, "percent_statements_covered": 71.42857142857143, "percent_statements_covered_display": "71"}, "missing_lines": [223, 224, 235, 236, 239, 240], "excluded_lines": [], "start_line": 211}, "_run_converter_subprocess": {"executed_lines": [272, 278, 279, 280, 281, 285, 292, 293, 294, 295, 308, 316, 317, 319, 320, 321, 322, 323, 324, 334, 335, 336, 337, 338, 339, 340, 341, 342, 343, 344, 345, 346, 347, 350, 351, 352, 359, 364, 365, 366, 376, 381, 382, 383, 388, 389, 398, 399, 401, 402, 403, 412, 413, 433, 435, 437, 438, 439, 441, 442, 443, 444, 445, 451, 452, 453, 454, 456, 458, 463, 464, 470, 471, 472, 473, 474, 475, 476, 480, 487], "summary": {"covered_lines": 80, "num_statements": 104, "percent_covered": 76.92307692307692, "percent_covered_display": "77", "missing_lines": 24, "excluded_lines": 0, "percent_statements_covered": 76.92307692307692, "percent_statements_covered_display": "77"}, "missing_lines": [325, 326, 330, 331, 332, 348, 349, 367, 418, 426, 430, 431, 432, 440, 446, 447, 459, 460, 477, 478, 481, 483, 485, 486], "excluded_lines": [], "start_line": 243}, "": {"executed_lines": [1, 3, 4, 5, 6, 7, 8, 9, 10, 11, 12, 14, 15, 16, 17, 18, 22, 23, 27, 29, 32, 37, 41, 44, 60, 62, 65, 71, 75, 116, 134, 137, 164, 172, 194, 197, 207, 211, 243], "summary": {"covered_lines": 39, "num_statements": 39, "percent_covered": 100.0, "percent_covered_display": "100", "missing_lines": 0, "excluded_lines": 0, "percent_statements_covered": 100.0, "percent_statements_covered_display": "100"}, "missing_lines": [], "excluded_lines": [], "start_line": 1}}, "classes": {"_StderrTail": {"executed_lines": [63, 66, 67, 68, 69, 72], "summary": {"covered_lines": 6, "num_statements": 6, "percent_covered": 100.0, "percent_covered_display": "100", "missing_lines": 0, "excluded_lines": 0, "percent_statements_covered": 100.0, "percent_statements_covered_display": "100"}, "missing_lines": [], "excluded_lines": [], "start_line": 44}, "ConverterChildError": {"executed_lines": [198, 199, 200, 204], "summary": {"covered_lines": 4, "num_statements": 4, "percent_covered": 100.0, "percent_covered_display": "100", "missing_lines": 0, "excluded_lines": 0, "percent_statements_covered": 100.0, "percent_statements_covered_display": "100"}, "missing_lines": [], "excluded_lines": [], "start_line": 194}, "ConverterOOMError": {"executed_lines": [], "summary": {"covered_lines": 0, "num_statements": 0, "percent_covered": 100.0, "percent_covered_display": "100", "missing_lines": 0, "excluded_lines": 0, "percent_statements_covered": 100.0, "percent_statements_covered_display": "100"}, "missing_lines": [], "excluded_lines": [], "start_line": 207}, "": {"executed_lines": [1, 3, 4, 5, 6, 7, 8, 9, 10, 11, 12, 14, 15, 16, 17, 18, 22, 23, 27, 29, 32, 37, 41, 44, 60, 62, 65, 71, 75, 103, 104, 105, 106, 107, 108, 109, 110, 111, 112, 113, 116, 128, 129, 130, 131, 134, 137, 150, 151, 152, 153, 154, 155, 156, 157, 158, 159, 160, 161, 164, 172, 182, 183, 184, 185, 186, 187, 188, 194, 197, 207, 211, 218, 219, 220, 221, 222, 225, 226, 227, 228, 231, 232, 233, 234, 237, 238, 243, 272, 278, 279, 280, 281, 285, 292, 293, 294, 295, 308, 316, 317, 319, 320, 321, 322, 323, 324, 334, 335, 336, 337, 338, 339, 340, 341, 342, 343, 344, 345, 346, 347, 350, 351, 352, 359, 364, 365, 366, 376, 381, 382, 383, 388, 389, 398, 399, 401, 402, 403, 412, 413, 433, 435, 437, 438, 439, 441, 442, 443, 444, 445, 451, 452, 453, 454, 456, 458, 463, 464, 470, 471, 472, 473, 474, 475, 476, 480, 487], "summary": {"covered_lines": 168, "num_statements": 201, "percent_covered": 83.58208955223881, "percent_covered_display": "84", "missing_lines": 33, "excluded_lines": 0, "percent_statements_covered": 83.58208955223881, "percent_statements_covered_display": "84"}, "missing_lines": [167, 168, 169, 223, 224, 235, 236, 239, 240, 325, 326, 330, 331, 332, 348, 349, 367, 418, 426, 430, 431, 432, 440, 446, 447, 459, 460, 477, 478, 481, 483, 485, 486], "excluded_lines": [], "start_line": 1}}}, "src/pageindex_mcp/worker/timeouts.py": {"executed_lines": [13, 15, 17, 21, 24, 25, 34, 35, 37, 38, 39, 42, 59, 60, 61, 62, 63, 65, 67, 68], "summary": {"covered_lines": 20, "num_statements": 20, "percent_covered": 100.0, "percent_covered_display": "100", "missing_lines": 0, "excluded_lines": 0, "percent_statements_covered": 100.0, "percent_statements_covered_display": "100"}, "missing_lines": [], "excluded_lines": [], "functions": {"ChildTimeout.capped": {"executed_lines": [39], "summary": {"covered_lines": 1, "num_statements": 1, "percent_covered": 100.0, "percent_covered_display": "100", "missing_lines": 0, "excluded_lines": 0, "percent_statements_covered": 100.0, "percent_statements_covered_display": "100"}, "missing_lines": [], "excluded_lines": [], "start_line": 38}, "effective_child_timeout": {"executed_lines": [59, 60, 61, 62, 63, 65, 67, 68], "summary": {"covered_lines": 8, "num_statements": 8, "percent_covered": 100.0, "percent_covered_display": "100", "missing_lines": 0, "excluded_lines": 0, "percent_statements_covered": 100.0, "percent_statements_covered_display": "100"}, "missing_lines": [], "excluded_lines": [], "start_line": 42}, "": {"executed_lines": [13, 15, 17, 21, 24, 25, 34, 35, 37, 38, 42], "summary": {"covered_lines": 11, "num_statements": 11, "percent_covered": 100.0, "percent_covered_display": "100", "missing_lines": 0, "excluded_lines": 0, "percent_statements_covered": 100.0, "percent_statements_covered_display": "100"}, "missing_lines": [], "excluded_lines": [], "start_line": 1}}, "classes": {"ChildTimeout": {"executed_lines": [39], "summary": {"covered_lines": 1, "num_statements": 1, "percent_covered": 100.0, "percent_covered_display": "100", "missing_lines": 0, "excluded_lines": 0, "percent_statements_covered": 100.0, "percent_statements_covered_display": "100"}, "missing_lines": [], "excluded_lines": [], "start_line": 25}, "": {"executed_lines": [13, 15, 17, 21, 24, 25, 34, 35, 37, 38, 42, 59, 60, 61, 62, 63, 65, 67, 68], "summary": {"covered_lines": 19, "num_statements": 19, "percent_covered": 100.0, "percent_covered_display": "100", "missing_lines": 0, "excluded_lines": 0, "percent_statements_covered": 100.0, "percent_statements_covered_display": "100"}, "missing_lines": [], "excluded_lines": [], "start_line": 1}}}}, "totals": {"covered_lines": 8277, "num_statements": 10074, "percent_covered": 82.16200119118523, "percent_covered_display": "82", "missing_lines": 1797, "excluded_lines": 67, "percent_statements_covered": 82.16200119118523, "percent_statements_covered_display": "82"}}